# JRE version: OpenJDK Runtime Environment (17.0.10) (build 17.0.10+0--11609105)
# Java VM: OpenJDK 64-Bit Server VM (17.0.10+0--11609105, mixed mode, tiered, compressed oops, compressed class ptrs, g1 gc, windows-amd64)
GC Precious Log:
 CPUs: 8 total, 8 available
 Memory: 8033M
 Large Page Support: Disabled
 NUMA Support: Disabled
 Compressed Oops: Enabled (32-bit)
 Heap Region Size: 1M
 Heap Min Capacity: 8M
 Heap Initial Capacity: 126M
 Heap Max Capacity: 2G
 Pre-touch: Disabled
 Parallel Workers: 8
 Concurrent Workers: 2
 Concurrent Refinement Workers: 8
 Periodic GC: Disabled
Heap:
 garbage-first heap   total 132096K, used 70033K [0x0000000080000000, 0x0000000100000000)
  region size 1024K, 1 young (1024K), 1 survivors (1024K)
 Metaspace       used 70695K, committed 71296K, reserved 1114112K
  class space    used 9503K, committed 9792K, reserved 1048576K
GC Heap History (20 events):
Event: 5.679 GC heap after
{Heap after GC invocations=18 (full 0):
 garbage-first heap   total 90112K, used 60133K [0x0000000080000000, 0x0000000100000000)
  region size 1024K, 4 young (4096K), 4 survivors (4096K)
 Metaspace       used 56834K, committed 57280K, reserved 1114112K
  class space    used 7756K, committed 7936K, reserved 1048576K
}
Event: 5.683 GC heap before
{Heap before GC invocations=18 (full 0):
 garbage-first heap   total 90112K, used 60133K [0x0000000080000000, 0x0000000100000000)
  region size 1024K, 5 young (5120K), 4 survivors (4096K)
 Metaspace       used 56913K, committed 57344K, reserved 1114112K
  class space    used 7762K, committed 7936K, reserved 1048576K
}
Event: 5.685 GC heap after
{Heap after GC invocations=19 (full 0):
 garbage-first heap   total 108544K, used 60549K [0x0000000080000000, 0x0000000100000000)
  region size 1024K, 1 young (1024K), 1 survivors (1024K)
 Metaspace       used 56913K, committed 57344K, reserved 1114112K
  class space    used 7762K, committed 7936K, reserved 1048576K
}
Event: 5.687 GC heap before
{Heap before GC invocations=19 (full 0):
 garbage-first heap   total 108544K, used 60549K [0x0000000080000000, 0x0000000100000000)
  region size 1024K, 2 young (2048K), 1 survivors (1024K)
 Metaspace       used 56937K, committed 57344K, reserved 1114112K
  class space    used 7763K, committed 7936K, reserved 1048576K
}
Event: 5.688 GC heap after
{Heap after GC invocations=20 (full 0):
 garbage-first heap   total 108544K, used 60450K [0x0000000080000000, 0x0000000100000000)
  region size 1024K, 1 young (1024K), 1 survivors (1024K)
 Metaspace       used 56937K, committed 57344K, reserved 1114112K
  class space    used 7763K, committed 7936K, reserved 1048576K
}
Event: 5.903 GC heap before
{Heap before GC invocations=21 (full 0):
 garbage-first heap   total 109568K, used 86050K [0x0000000080000000, 0x0000000100000000)
  region size 1024K, 26 young (26624K), 1 survivors (1024K)
 Metaspace       used 59242K, committed 59712K, reserved 1114112K
  class space    used 8075K, committed 8256K, reserved 1048576K
}
Event: 5.904 GC heap after
{Heap after GC invocations=22 (full 0):
 garbage-first heap   total 109568K, used 62279K [0x0000000080000000, 0x0000000100000000)
  region size 1024K, 1 young (1024K), 1 survivors (1024K)
 Metaspace       used 59242K, committed 59712K, reserved 1114112K
  class space    used 8075K, committed 8256K, reserved 1048576K
}
Event: 5.937 GC heap before
{Heap before GC invocations=22 (full 0):
 garbage-first heap   total 109568K, used 65351K [0x0000000080000000, 0x0000000100000000)
  region size 1024K, 5 young (5120K), 1 survivors (1024K)
 Metaspace       used 59686K, committed 60160K, reserved 1114112K
  class space    used 8118K, committed 8320K, reserved 1048576K
}
Event: 5.939 GC heap after
{Heap after GC invocations=23 (full 0):
 garbage-first heap   total 109568K, used 61762K [0x0000000080000000, 0x0000000100000000)
  region size 1024K, 1 young (1024K), 1 survivors (1024K)
 Metaspace       used 59686K, committed 60160K, reserved 1114112K
  class space    used 8118K, committed 8320K, reserved 1048576K
}
Event: 6.136 GC heap before
{Heap before GC invocations=23 (full 0):
 garbage-first heap   total 109568K, used 86338K [0x0000000080000000, 0x0000000100000000)
  region size 1024K, 26 young (26624K), 1 survivors (1024K)
 Metaspace       used 62844K, committed 63360K, reserved 1114112K
  class space    used 8448K, committed 8704K, reserved 1048576K
}
Event: 6.137 GC heap after
{Heap after GC invocations=24 (full 0):
 garbage-first heap   total 109568K, used 62062K [0x0000000080000000, 0x0000000100000000)
  region size 1024K, 1 young (1024K), 1 survivors (1024K)
 Metaspace       used 62844K, committed 63360K, reserved 1114112K
  class space    used 8448K, committed 8704K, reserved 1048576K
}
Event: 6.434 GC heap before
{Heap before GC invocations=25 (full 0):
 garbage-first heap   total 114688K, used 87662K [0x0000000080000000, 0x0000000100000000)
  region size 1024K, 27 young (27648K), 1 survivors (1024K)
 Metaspace       used 65743K, committed 66240K, reserved 1114112K
  class space    used 8862K, committed 9088K, reserved 1048576K
}
Event: 6.436 GC heap after
{Heap after GC invocations=26 (full 0):
 garbage-first heap   total 114688K, used 63171K [0x0000000080000000, 0x0000000100000000)
  region size 1024K, 2 young (2048K), 2 survivors (2048K)
 Metaspace       used 65743K, committed 66240K, reserved 1114112K
  class space    used 8862K, committed 9088K, reserved 1048576K
}
Event: 6.456 GC heap before
{Heap before GC invocations=26 (full 0):
 garbage-first heap   total 114688K, used 65219K [0x0000000080000000, 0x0000000100000000)
  region size 1024K, 5 young (5120K), 2 survivors (2048K)
 Metaspace       used 66038K, committed 66624K, reserved 1114112K
  class space    used 8905K, committed 9152K, reserved 1048576K
}
Event: 6.458 GC heap after
{Heap after GC invocations=27 (full 0):
 garbage-first heap   total 114688K, used 63081K [0x0000000080000000, 0x0000000100000000)
  region size 1024K, 1 young (1024K), 1 survivors (1024K)
 Metaspace       used 66038K, committed 66624K, reserved 1114112K
  class space    used 8905K, committed 9152K, reserved 1048576K
}
Event: 6.675 GC heap before
{Heap before GC invocations=27 (full 0):
 garbage-first heap   total 114688K, used 97897K [0x0000000080000000, 0x0000000100000000)
  region size 1024K, 30 young (30720K), 1 survivors (1024K)
 Metaspace       used 68565K, committed 69120K, reserved 1114112K
  class space    used 9213K, committed 9472K, reserved 1048576K
}
Event: 6.678 GC heap after
{Heap after GC invocations=28 (full 0):
 garbage-first heap   total 114688K, used 68138K [0x0000000080000000, 0x0000000100000000)
  region size 1024K, 4 young (4096K), 4 survivors (4096K)
 Metaspace       used 68565K, committed 69120K, reserved 1114112K
  class space    used 9213K, committed 9472K, reserved 1048576K
}
Event: 6.918 GC heap before
{Heap before GC invocations=29 (full 0):
 garbage-first heap   total 119808K, used 93738K [0x0000000080000000, 0x0000000100000000)
  region size 1024K, 29 young (29696K), 4 survivors (4096K)
 Metaspace       used 70474K, committed 71104K, reserved 1114112K
  class space    used 9471K, committed 9792K, reserved 1048576K
}
Event: 6.922 GC heap after
{Heap after GC invocations=30 (full 0):
 garbage-first heap   total 119808K, used 69778K [0x0000000080000000, 0x0000000100000000)
  region size 1024K, 2 young (2048K), 2 survivors (2048K)
 Metaspace       used 70474K, committed 71104K, reserved 1114112K
  class space    used 9471K, committed 9792K, reserved 1048576K
}
Event: 6.952 GC heap before
{Heap before GC invocations=30 (full 0):
 garbage-first heap   total 119808K, used 71826K [0x0000000080000000, 0x0000000100000000)
  region size 1024K, 5 young (5120K), 2 survivors (2048K)
 Metaspace       used 70695K, committed 71296K, reserved 1114112K
  class space    used 9503K, committed 9792K, reserved 1048576K
}

