# JRE version: OpenJDK Runtime Environment (17.0.10) (build 17.0.10+0--11609105)
# Java VM: OpenJDK 64-Bit Server VM (17.0.10+0--11609105, mixed mode, tiered, compressed oops, compressed class ptrs, g1 gc, windows-amd64)
GC Precious Log:
 CPUs: 8 total, 8 available
 Memory: 8033M
 Large Page Support: Disabled
 NUMA Support: Disabled
 Compressed Oops: Enabled (32-bit)
 Heap Region Size: 1M
 Heap Min Capacity: 8M
 Heap Initial Capacity: 126M
 Heap Max Capacity: 2G
 Pre-touch: Disabled
 Parallel Workers: 8
 Concurrent Workers: 2
 Concurrent Refinement Workers: 8
 Periodic GC: Disabled
Heap:
 garbage-first heap   total 316416K, used 257166K [0x0000000080000000, 0x0000000100000000)
  region size 1024K, 23 young (23552K), 4 survivors (4096K)
 Metaspace       used 139710K, committed 140928K, reserved 1179648K
  class space    used 18421K, committed 19008K, reserved 1048576K
GC Heap History (20 events):
Event: 215.072 GC heap before
{Heap before GC invocations=54 (full 0):
 garbage-first heap   total 250880K, used 206445K [0x0000000080000000, 0x0000000100000000)
  region size 1024K, 23 young (23552K), 3 survivors (3072K)
 Metaspace       used 125998K, committed 127104K, reserved 1179648K
  class space    used 16789K, committed 17344K, reserved 1048576K
}
Event: 215.079 GC heap after
{Heap after GC invocations=55 (full 0):
 garbage-first heap   total 250880K, used 191688K [0x0000000080000000, 0x0000000100000000)
  region size 1024K, 3 young (3072K), 3 survivors (3072K)
 Metaspace       used 125998K, committed 127104K, reserved 1179648K
  class space    used 16789K, committed 17344K, reserved 1048576K
}
Event: 215.136 GC heap before
{Heap before GC invocations=55 (full 0):
 garbage-first heap   total 250880K, used 206024K [0x0000000080000000, 0x0000000100000000)
  region size 1024K, 6 young (6144K), 3 survivors (3072K)
 Metaspace       used 125998K, committed 127104K, reserved 1179648K
  class space    used 16789K, committed 17344K, reserved 1048576K
}
Event: 215.140 GC heap after
{Heap after GC invocations=56 (full 0):
 garbage-first heap   total 316416K, used 196609K [0x0000000080000000, 0x0000000100000000)
  region size 1024K, 1 young (1024K), 1 survivors (1024K)
 Metaspace       used 125998K, committed 127104K, reserved 1179648K
  class space    used 16789K, committed 17344K, reserved 1048576K
}
Event: 215.366 GC heap before
{Heap before GC invocations=56 (full 0):
 garbage-first heap   total 316416K, used 249857K [0x0000000080000000, 0x0000000100000000)
  region size 1024K, 50 young (51200K), 1 survivors (1024K)
 Metaspace       used 127475K, committed 128512K, reserved 1179648K
  class space    used 16925K, committed 17408K, reserved 1048576K
}
Event: 215.373 GC heap after
{Heap after GC invocations=57 (full 0):
 garbage-first heap   total 316416K, used 200700K [0x0000000080000000, 0x0000000100000000)
  region size 1024K, 7 young (7168K), 7 survivors (7168K)
 Metaspace       used 127475K, committed 128512K, reserved 1179648K
  class space    used 16925K, committed 17408K, reserved 1048576K
}
Event: 215.584 GC heap before
{Heap before GC invocations=57 (full 0):
 garbage-first heap   total 316416K, used 249852K [0x0000000080000000, 0x0000000100000000)
  region size 1024K, 56 young (57344K), 7 survivors (7168K)
 Metaspace       used 129439K, committed 130432K, reserved 1179648K
  class space    used 17109K, committed 17600K, reserved 1048576K
}
Event: 215.612 GC heap after
{Heap after GC invocations=58 (full 0):
 garbage-first heap   total 316416K, used 203298K [0x0000000080000000, 0x0000000100000000)
  region size 1024K, 3 young (3072K), 3 survivors (3072K)
 Metaspace       used 129439K, committed 130432K, reserved 1179648K
  class space    used 17109K, committed 17600K, reserved 1048576K
}
Event: 215.823 GC heap before
{Heap before GC invocations=58 (full 0):
 garbage-first heap   total 316416K, used 254498K [0x0000000080000000, 0x0000000100000000)
  region size 1024K, 54 young (55296K), 3 survivors (3072K)
 Metaspace       used 130077K, committed 131136K, reserved 1179648K
  class space    used 17159K, committed 17664K, reserved 1048576K
}
Event: 215.828 GC heap after
{Heap after GC invocations=59 (full 0):
 garbage-first heap   total 316416K, used 206004K [0x0000000080000000, 0x0000000100000000)
  region size 1024K, 6 young (6144K), 6 survivors (6144K)
 Metaspace       used 130077K, committed 131136K, reserved 1179648K
  class space    used 17159K, committed 17664K, reserved 1048576K
}
Event: 216.170 GC heap before
{Heap before GC invocations=59 (full 0):
 garbage-first heap   total 316416K, used 258228K [0x0000000080000000, 0x0000000100000000)
  region size 1024K, 58 young (59392K), 6 survivors (6144K)
 Metaspace       used 131564K, committed 132608K, reserved 1179648K
  class space    used 17337K, committed 17856K, reserved 1048576K
}
Event: 216.177 GC heap after
{Heap after GC invocations=60 (full 0):
 garbage-first heap   total 316416K, used 207401K [0x0000000080000000, 0x0000000100000000)
  region size 1024K, 5 young (5120K), 5 survivors (5120K)
 Metaspace       used 131564K, committed 132608K, reserved 1179648K
  class space    used 17337K, committed 17856K, reserved 1048576K
}
Event: 216.792 GC heap before
{Heap before GC invocations=60 (full 0):
 garbage-first heap   total 316416K, used 261673K [0x0000000080000000, 0x0000000100000000)
  region size 1024K, 59 young (60416K), 5 survivors (5120K)
 Metaspace       used 134072K, committed 135232K, reserved 1179648K
  class space    used 17645K, committed 18176K, reserved 1048576K
}
Event: 216.800 GC heap after
{Heap after GC invocations=61 (full 0):
 garbage-first heap   total 316416K, used 210363K [0x0000000080000000, 0x0000000100000000)
  region size 1024K, 6 young (6144K), 6 survivors (6144K)
 Metaspace       used 134072K, committed 135232K, reserved 1179648K
  class space    used 17645K, committed 18176K, reserved 1048576K
}
Event: 217.778 GC heap before
{Heap before GC invocations=61 (full 0):
 garbage-first heap   total 316416K, used 263611K [0x0000000080000000, 0x0000000100000000)
  region size 1024K, 59 young (60416K), 6 survivors (6144K)
 Metaspace       used 135306K, committed 136448K, reserved 1179648K
  class space    used 17778K, committed 18304K, reserved 1048576K
}
Event: 217.787 GC heap after
{Heap after GC invocations=62 (full 0):
 garbage-first heap   total 316416K, used 214804K [0x0000000080000000, 0x0000000100000000)
  region size 1024K, 8 young (8192K), 8 survivors (8192K)
 Metaspace       used 135306K, committed 136448K, reserved 1179648K
  class space    used 17778K, committed 18304K, reserved 1048576K
}
Event: 219.367 GC heap before
{Heap before GC invocations=62 (full 0):
 garbage-first heap   total 316416K, used 278292K [0x0000000080000000, 0x0000000100000000)
  region size 1024K, 59 young (60416K), 8 survivors (8192K)
 Metaspace       used 136797K, committed 137920K, reserved 1179648K
  class space    used 17988K, committed 18560K, reserved 1048576K
}
Event: 219.377 GC heap after
{Heap after GC invocations=63 (full 0):
 garbage-first heap   total 316416K, used 235430K [0x0000000080000000, 0x0000000100000000)
  region size 1024K, 8 young (8192K), 8 survivors (8192K)
 Metaspace       used 136797K, committed 137920K, reserved 1179648K
  class space    used 17988K, committed 18560K, reserved 1048576K
}
Event: 219.901 GC heap before
{Heap before GC invocations=63 (full 0):
 garbage-first heap   total 316416K, used 279462K [0x0000000080000000, 0x0000000100000000)
  region size 1024K, 41 young (41984K), 8 survivors (8192K)
 Metaspace       used 139403K, committed 140608K, reserved 1179648K
  class space    used 18374K, committed 18944K, reserved 1048576K
}
Event: 219.908 GC heap after
{Heap after GC invocations=64 (full 0):
 garbage-first heap   total 316416K, used 243854K [0x0000000080000000, 0x0000000100000000)
  region size 1024K, 4 young (4096K), 4 survivors (4096K)
 Metaspace       used 139403K, committed 140608K, reserved 1179648K
  class space    used 18374K, committed 18944K, reserved 1048576K
}

