# JRE version: OpenJDK Runtime Environment (17.0.10) (build 17.0.10+0--11609105)
# Java VM: OpenJDK 64-Bit Server VM (17.0.10+0--11609105, mixed mode, tiered, compressed oops, compressed class ptrs, g1 gc, windows-amd64)
GC Precious Log:
 CPUs: 8 total, 8 available
 Memory: 8033M
 Large Page Support: Disabled
 NUMA Support: Disabled
 Compressed Oops: Enabled (32-bit)
 Heap Region Size: 1M
 Heap Min Capacity: 8M
 Heap Initial Capacity: 126M
 Heap Max Capacity: 2G
 Pre-touch: Disabled
 Parallel Workers: 8
 Concurrent Workers: 2
 Concurrent Refinement Workers: 8
 Periodic GC: Disabled
Heap:
 garbage-first heap   total 336896K, used 272674K [0x0000000080000000, 0x0000000100000000)
  region size 1024K, 4 young (4096K), 4 survivors (4096K)
 Metaspace       used 152647K, committed 154112K, reserved 1245184K
  class space    used 19647K, committed 20352K, reserved 1048576K
GC Heap History (20 events):
Event: 471.443 GC heap after
{Heap after GC invocations=156 (full 0):
 garbage-first heap   total 336896K, used 233038K [0x0000000080000000, 0x0000000100000000)
  region size 1024K, 5 young (5120K), 5 survivors (5120K)
 Metaspace       used 151124K, committed 152448K, reserved 1245184K
  class space    used 19534K, committed 20160K, reserved 1048576K
}
Event: 472.056 GC heap before
{Heap before GC invocations=156 (full 0):
 garbage-first heap   total 336896K, used 290382K [0x0000000080000000, 0x0000000100000000)
  region size 1024K, 62 young (63488K), 5 survivors (5120K)
 Metaspace       used 151238K, committed 152512K, reserved 1245184K
  class space    used 19537K, committed 20160K, reserved 1048576K
}
Event: 472.065 GC heap after
{Heap after GC invocations=157 (full 0):
 garbage-first heap   total 336896K, used 238846K [0x0000000080000000, 0x0000000100000000)
  region size 1024K, 8 young (8192K), 8 survivors (8192K)
 Metaspace       used 151238K, committed 152512K, reserved 1245184K
  class space    used 19537K, committed 20160K, reserved 1048576K
}
Event: 472.172 GC heap before
{Heap before GC invocations=157 (full 0):
 garbage-first heap   total 336896K, used 289022K [0x0000000080000000, 0x0000000100000000)
  region size 1024K, 58 young (59392K), 8 survivors (8192K)
 Metaspace       used 151272K, committed 152576K, reserved 1245184K
  class space    used 19537K, committed 20224K, reserved 1048576K
}
Event: 472.178 GC heap after
{Heap after GC invocations=158 (full 0):
 garbage-first heap   total 336896K, used 241399K [0x0000000080000000, 0x0000000100000000)
  region size 1024K, 3 young (3072K), 3 survivors (3072K)
 Metaspace       used 151272K, committed 152576K, reserved 1245184K
  class space    used 19537K, committed 20224K, reserved 1048576K
}
Event: 472.282 GC heap before
{Heap before GC invocations=158 (full 0):
 garbage-first heap   total 336896K, used 290551K [0x0000000080000000, 0x0000000100000000)
  region size 1024K, 52 young (53248K), 3 survivors (3072K)
 Metaspace       used 151306K, committed 152640K, reserved 1245184K
  class space    used 19537K, committed 20224K, reserved 1048576K
}
Event: 472.284 GC heap after
{Heap after GC invocations=159 (full 0):
 garbage-first heap   total 336896K, used 240332K [0x0000000080000000, 0x0000000100000000)
  region size 1024K, 2 young (2048K), 2 survivors (2048K)
 Metaspace       used 151306K, committed 152640K, reserved 1245184K
  class space    used 19537K, committed 20224K, reserved 1048576K
}
Event: 473.970 GC heap before
{Heap before GC invocations=159 (full 0):
 garbage-first heap   total 336896K, used 291532K [0x0000000080000000, 0x0000000100000000)
  region size 1024K, 53 young (54272K), 2 survivors (2048K)
 Metaspace       used 151448K, committed 152832K, reserved 1245184K
  class space    used 19546K, committed 20224K, reserved 1048576K
}
Event: 473.974 GC heap after
{Heap after GC invocations=160 (full 0):
 garbage-first heap   total 336896K, used 243049K [0x0000000080000000, 0x0000000100000000)
  region size 1024K, 5 young (5120K), 5 survivors (5120K)
 Metaspace       used 151448K, committed 152832K, reserved 1245184K
  class space    used 19546K, committed 20224K, reserved 1048576K
}
Event: 611.636 GC heap before
{Heap before GC invocations=160 (full 0):
 garbage-first heap   total 336896K, used 291177K [0x0000000080000000, 0x0000000100000000)
  region size 1024K, 53 young (54272K), 5 survivors (5120K)
 Metaspace       used 151872K, committed 153216K, reserved 1245184K
  class space    used 19585K, committed 20224K, reserved 1048576K
}
Event: 611.644 GC heap after
{Heap after GC invocations=161 (full 0):
 garbage-first heap   total 336896K, used 248794K [0x0000000080000000, 0x0000000100000000)
  region size 1024K, 7 young (7168K), 7 survivors (7168K)
 Metaspace       used 151872K, committed 153216K, reserved 1245184K
  class space    used 19585K, committed 20224K, reserved 1048576K
}
Event: 612.257 GC heap before
{Heap before GC invocations=161 (full 0):
 garbage-first heap   total 336896K, used 290778K [0x0000000080000000, 0x0000000100000000)
  region size 1024K, 49 young (50176K), 7 survivors (7168K)
 Metaspace       used 152258K, committed 153664K, reserved 1245184K
  class space    used 19606K, committed 20288K, reserved 1048576K
}
Event: 612.272 GC heap after
{Heap after GC invocations=162 (full 0):
 garbage-first heap   total 336896K, used 256288K [0x0000000080000000, 0x0000000100000000)
  region size 1024K, 7 young (7168K), 7 survivors (7168K)
 Metaspace       used 152258K, committed 153664K, reserved 1245184K
  class space    used 19606K, committed 20288K, reserved 1048576K
}
Event: 612.613 GC heap before
{Heap before GC invocations=162 (full 0):
 garbage-first heap   total 336896K, used 291104K [0x0000000080000000, 0x0000000100000000)
  region size 1024K, 41 young (41984K), 7 survivors (7168K)
 Metaspace       used 152437K, committed 153920K, reserved 1245184K
  class space    used 19625K, committed 20352K, reserved 1048576K
}
Event: 612.626 GC heap after
{Heap after GC invocations=163 (full 0):
 garbage-first heap   total 336896K, used 261899K [0x0000000080000000, 0x0000000100000000)
  region size 1024K, 6 young (6144K), 6 survivors (6144K)
 Metaspace       used 152437K, committed 153920K, reserved 1245184K
  class space    used 19625K, committed 20352K, reserved 1048576K
}
Event: 612.805 GC heap before
{Heap before GC invocations=163 (full 0):
 garbage-first heap   total 336896K, used 290571K [0x0000000080000000, 0x0000000100000000)
  region size 1024K, 35 young (35840K), 6 survivors (6144K)
 Metaspace       used 152484K, committed 153984K, reserved 1245184K
  class space    used 19629K, committed 20352K, reserved 1048576K
}
Event: 612.815 GC heap after
{Heap after GC invocations=164 (full 0):
 garbage-first heap   total 336896K, used 266609K [0x0000000080000000, 0x0000000100000000)
  region size 1024K, 5 young (5120K), 5 survivors (5120K)
 Metaspace       used 152484K, committed 153984K, reserved 1245184K
  class space    used 19629K, committed 20352K, reserved 1048576K
}
Event: 613.066 GC heap before
{Heap before GC invocations=164 (full 0):
 garbage-first heap   total 336896K, used 293233K [0x0000000080000000, 0x0000000100000000)
  region size 1024K, 31 young (31744K), 5 survivors (5120K)
 Metaspace       used 152516K, committed 153984K, reserved 1245184K
  class space    used 19630K, committed 20352K, reserved 1048576K
}
Event: 613.073 GC heap after
{Heap after GC invocations=165 (full 0):
 garbage-first heap   total 336896K, used 268951K [0x0000000080000000, 0x0000000100000000)
  region size 1024K, 3 young (3072K), 3 survivors (3072K)
 Metaspace       used 152516K, committed 153984K, reserved 1245184K
  class space    used 19630K, committed 20352K, reserved 1048576K
}
Event: 662.180 GC heap before
{Heap before GC invocations=165 (full 0):
 garbage-first heap   total 336896K, used 293527K [0x0000000080000000, 0x0000000100000000)
  region size 1024K, 28 young (28672K), 3 survivors (3072K)
 Metaspace       used 152647K, committed 154112K, reserved 1245184K
  class space    used 19647K, committed 20352K, reserved 1048576K
}

