# JRE version: OpenJDK Runtime Environment (17.0.10) (build 17.0.10+0--11609105)
# Java VM: OpenJDK 64-Bit Server VM (17.0.10+0--11609105, mixed mode, tiered, compressed oops, compressed class ptrs, g1 gc, windows-amd64)
GC Precious Log:
 CPUs: 8 total, 8 available
 Memory: 8033M
 Large Page Support: Disabled
 NUMA Support: Disabled
 Compressed Oops: Enabled (32-bit)
 Heap Region Size: 1M
 Heap Min Capacity: 8M
 Heap Initial Capacity: 126M
 Heap Max Capacity: 2G
 Pre-touch: Disabled
 Parallel Workers: 8
 Concurrent Workers: 2
 Concurrent Refinement Workers: 8
 Periodic GC: Disabled
Heap:
 garbage-first heap   total 76800K, used 31877K [0x0000000080000000, 0x0000000100000000)
  region size 1024K, 2 young (2048K), 2 survivors (2048K)
 Metaspace       used 42794K, committed 43136K, reserved 1114112K
  class space    used 5728K, committed 5888K, reserved 1048576K
GC Heap History (20 events):
Event: 0.827 GC heap after
{Heap after GC invocations=1 (full 0):
 garbage-first heap   total 129024K, used 10372K [0x0000000080000000, 0x0000000100000000)
  region size 1024K, 3 young (3072K), 3 survivors (3072K)
 Metaspace       used 10394K, committed 10560K, reserved 1114112K
  class space    used 1076K, committed 1152K, reserved 1048576K
}
Event: 1.311 GC heap before
{Heap before GC invocations=1 (full 0):
 garbage-first heap   total 129024K, used 39044K [0x0000000080000000, 0x0000000100000000)
  region size 1024K, 31 young (31744K), 3 survivors (3072K)
 Metaspace       used 11476K, committed 11648K, reserved 1114112K
  class space    used 1197K, committed 1280K, reserved 1048576K
}
Event: 1.315 GC heap after
{Heap after GC invocations=2 (full 0):
 garbage-first heap   total 129024K, used 11380K [0x0000000080000000, 0x0000000100000000)
  region size 1024K, 1 young (1024K), 1 survivors (1024K)
 Metaspace       used 11476K, committed 11648K, reserved 1114112K
  class space    used 1197K, committed 1280K, reserved 1048576K
}
Event: 2.320 GC heap before
{Heap before GC invocations=2 (full 0):
 garbage-first heap   total 129024K, used 63604K [0x0000000080000000, 0x0000000100000000)
  region size 1024K, 52 young (53248K), 1 survivors (1024K)
 Metaspace       used 21261K, committed 21504K, reserved 1114112K
  class space    used 2502K, committed 2624K, reserved 1048576K
}
Event: 2.327 GC heap after
{Heap after GC invocations=3 (full 0):
 garbage-first heap   total 129024K, used 18870K [0x0000000080000000, 0x0000000100000000)
  region size 1024K, 9 young (9216K), 9 survivors (9216K)
 Metaspace       used 21261K, committed 21504K, reserved 1114112K
  class space    used 2502K, committed 2624K, reserved 1048576K
}
Event: 3.082 GC heap before
{Heap before GC invocations=4 (full 0):
 garbage-first heap   total 71680K, used 52662K [0x0000000080000000, 0x0000000100000000)
  region size 1024K, 42 young (43008K), 9 survivors (9216K)
 Metaspace       used 26372K, committed 26624K, reserved 1114112K
  class space    used 3385K, committed 3456K, reserved 1048576K
}
Event: 3.087 GC heap after
{Heap after GC invocations=5 (full 0):
 garbage-first heap   total 71680K, used 20706K [0x0000000080000000, 0x0000000100000000)
  region size 1024K, 3 young (3072K), 3 survivors (3072K)
 Metaspace       used 26372K, committed 26624K, reserved 1114112K
  class space    used 3385K, committed 3456K, reserved 1048576K
}
Event: 3.107 GC heap before
{Heap before GC invocations=5 (full 0):
 garbage-first heap   total 71680K, used 21730K [0x0000000080000000, 0x0000000100000000)
  region size 1024K, 4 young (4096K), 3 survivors (3072K)
 Metaspace       used 26587K, committed 26816K, reserved 1114112K
  class space    used 3418K, committed 3520K, reserved 1048576K
}
Event: 3.108 GC heap after
{Heap after GC invocations=6 (full 0):
 garbage-first heap   total 71680K, used 20884K [0x0000000080000000, 0x0000000100000000)
  region size 1024K, 1 young (1024K), 1 survivors (1024K)
 Metaspace       used 26587K, committed 26816K, reserved 1114112K
  class space    used 3418K, committed 3520K, reserved 1048576K
}
Event: 3.502 GC heap before
{Heap before GC invocations=6 (full 0):
 garbage-first heap   total 71680K, used 50580K [0x0000000080000000, 0x0000000100000000)
  region size 1024K, 30 young (30720K), 1 survivors (1024K)
 Metaspace       used 30660K, committed 30912K, reserved 1114112K
  class space    used 4087K, committed 4224K, reserved 1048576K
}
Event: 3.504 GC heap after
{Heap after GC invocations=7 (full 0):
 garbage-first heap   total 71680K, used 22298K [0x0000000080000000, 0x0000000100000000)
  region size 1024K, 2 young (2048K), 2 survivors (2048K)
 Metaspace       used 30660K, committed 30912K, reserved 1114112K
  class space    used 4087K, committed 4224K, reserved 1048576K
}
Event: 3.946 GC heap before
{Heap before GC invocations=7 (full 0):
 garbage-first heap   total 71680K, used 51994K [0x0000000080000000, 0x0000000100000000)
  region size 1024K, 32 young (32768K), 2 survivors (2048K)
 Metaspace       used 34425K, committed 34752K, reserved 1114112K
  class space    used 4712K, committed 4864K, reserved 1048576K
}
Event: 3.949 GC heap after
{Heap after GC invocations=8 (full 0):
 garbage-first heap   total 71680K, used 23587K [0x0000000080000000, 0x0000000100000000)
  region size 1024K, 4 young (4096K), 4 survivors (4096K)
 Metaspace       used 34425K, committed 34752K, reserved 1114112K
  class space    used 4712K, committed 4864K, reserved 1048576K
}
Event: 4.057 GC heap before
{Heap before GC invocations=8 (full 0):
 garbage-first heap   total 71680K, used 30755K [0x0000000080000000, 0x0000000100000000)
  region size 1024K, 12 young (12288K), 4 survivors (4096K)
 Metaspace       used 35834K, committed 36096K, reserved 1114112K
  class space    used 4910K, committed 5056K, reserved 1048576K
}
Event: 4.060 GC heap after
{Heap after GC invocations=9 (full 0):
 garbage-first heap   total 71680K, used 24251K [0x0000000080000000, 0x0000000100000000)
  region size 1024K, 2 young (2048K), 2 survivors (2048K)
 Metaspace       used 35834K, committed 36096K, reserved 1114112K
  class space    used 4910K, committed 5056K, reserved 1048576K
}
Event: 4.443 GC heap before
{Heap before GC invocations=10 (full 0):
 garbage-first heap   total 71680K, used 54971K [0x0000000080000000, 0x0000000100000000)
  region size 1024K, 33 young (33792K), 2 survivors (2048K)
 Metaspace       used 40816K, committed 41152K, reserved 1114112K
  class space    used 5418K, committed 5568K, reserved 1048576K
}
Event: 4.447 GC heap after
{Heap after GC invocations=11 (full 0):
 garbage-first heap   total 71680K, used 28120K [0x0000000080000000, 0x0000000100000000)
  region size 1024K, 5 young (5120K), 5 survivors (5120K)
 Metaspace       used 40816K, committed 41152K, reserved 1114112K
  class space    used 5418K, committed 5568K, reserved 1048576K
}
Event: 4.450 GC heap before
{Heap before GC invocations=11 (full 0):
 garbage-first heap   total 71680K, used 29144K [0x0000000080000000, 0x0000000100000000)
  region size 1024K, 6 young (6144K), 5 survivors (5120K)
 Metaspace       used 40816K, committed 41152K, reserved 1114112K
  class space    used 5418K, committed 5568K, reserved 1048576K
}
Event: 4.453 GC heap after
{Heap after GC invocations=12 (full 0):
 garbage-first heap   total 71680K, used 28471K [0x0000000080000000, 0x0000000100000000)
  region size 1024K, 1 young (1024K), 1 survivors (1024K)
 Metaspace       used 40816K, committed 41152K, reserved 1114112K
  class space    used 5418K, committed 5568K, reserved 1048576K
}
Event: 4.664 GC heap before
{Heap before GC invocations=12 (full 0):
 garbage-first heap   total 71680K, used 49975K [0x0000000080000000, 0x0000000100000000)
  region size 1024K, 21 young (21504K), 1 survivors (1024K)
 Metaspace       used 42794K, committed 43136K, reserved 1114112K
  class space    used 5728K, committed 5888K, reserved 1048576K
}

