# JRE version: OpenJDK Runtime Environment (17.0.10) (build 17.0.10+0--11609105)
# Java VM: OpenJDK 64-Bit Server VM (17.0.10+0--11609105, mixed mode, tiered, compressed oops, compressed class ptrs, g1 gc, windows-amd64)
GC Precious Log:
 CPUs: 8 total, 8 available
 Memory: 8033M
 Large Page Support: Disabled
 NUMA Support: Disabled
 Compressed Oops: Enabled (32-bit)
 Heap Region Size: 1M
 Heap Min Capacity: 8M
 Heap Initial Capacity: 126M
 Heap Max Capacity: 2G
 Pre-touch: Disabled
 Parallel Workers: 8
 Concurrent Workers: 2
 Concurrent Refinement Workers: 8
 Periodic GC: Disabled
Heap:
 garbage-first heap   total 181248K, used 100290K [0x0000000080000000, 0x0000000100000000)
  region size 1024K, 1 young (1024K), 1 survivors (1024K)
 Metaspace       used 67578K, committed 68224K, reserved 1114112K
  class space    used 9231K, committed 9472K, reserved 1048576K
GC Heap History (20 events):
Event: 4.973 GC heap after
{Heap after GC invocations=23 (full 0):
 garbage-first heap   total 116736K, used 67959K [0x0000000080000000, 0x0000000100000000)
  region size 1024K, 2 young (2048K), 2 survivors (2048K)
 Metaspace       used 52761K, committed 53184K, reserved 1114112K
  class space    used 7048K, committed 7232K, reserved 1048576K
}
Event: 4.999 GC heap before
{Heap before GC invocations=23 (full 0):
 garbage-first heap   total 116736K, used 71031K [0x0000000080000000, 0x0000000100000000)
  region size 1024K, 5 young (5120K), 2 survivors (2048K)
 Metaspace       used 52834K, committed 53376K, reserved 1114112K
  class space    used 7057K, committed 7296K, reserved 1048576K
}
Event: 5.001 GC heap after
{Heap after GC invocations=24 (full 0):
 garbage-first heap   total 116736K, used 68953K [0x0000000080000000, 0x0000000100000000)
  region size 1024K, 1 young (1024K), 1 survivors (1024K)
 Metaspace       used 52834K, committed 53376K, reserved 1114112K
  class space    used 7057K, committed 7296K, reserved 1048576K
}
Event: 5.240 GC heap before
{Heap before GC invocations=24 (full 0):
 garbage-first heap   total 116736K, used 90457K [0x0000000080000000, 0x0000000100000000)
  region size 1024K, 23 young (23552K), 1 survivors (1024K)
 Metaspace       used 54185K, committed 54720K, reserved 1114112K
  class space    used 7296K, committed 7488K, reserved 1048576K
}
Event: 5.243 GC heap after
{Heap after GC invocations=25 (full 0):
 garbage-first heap   total 146432K, used 70725K [0x0000000080000000, 0x0000000100000000)
  region size 1024K, 3 young (3072K), 3 survivors (3072K)
 Metaspace       used 54185K, committed 54720K, reserved 1114112K
  class space    used 7296K, committed 7488K, reserved 1048576K
}
Event: 5.739 GC heap before
{Heap before GC invocations=26 (full 0):
 garbage-first heap   total 146432K, used 108613K [0x0000000080000000, 0x0000000100000000)
  region size 1024K, 40 young (40960K), 3 survivors (3072K)
 Metaspace       used 57927K, committed 58496K, reserved 1114112K
  class space    used 7933K, committed 8192K, reserved 1048576K
}
Event: 5.743 GC heap after
{Heap after GC invocations=27 (full 0):
 garbage-first heap   total 146432K, used 73351K [0x0000000080000000, 0x0000000100000000)
  region size 1024K, 5 young (5120K), 5 survivors (5120K)
 Metaspace       used 57927K, committed 58496K, reserved 1114112K
  class space    used 7933K, committed 8192K, reserved 1048576K
}
Event: 5.779 GC heap before
{Heap before GC invocations=27 (full 0):
 garbage-first heap   total 146432K, used 75399K [0x0000000080000000, 0x0000000100000000)
  region size 1024K, 7 young (7168K), 5 survivors (5120K)
 Metaspace       used 58036K, committed 58624K, reserved 1114112K
  class space    used 7941K, committed 8192K, reserved 1048576K
}
Event: 5.782 GC heap after
{Heap after GC invocations=28 (full 0):
 garbage-first heap   total 146432K, used 73638K [0x0000000080000000, 0x0000000100000000)
  region size 1024K, 1 young (1024K), 1 survivors (1024K)
 Metaspace       used 58036K, committed 58624K, reserved 1114112K
  class space    used 7941K, committed 8192K, reserved 1048576K
}
Event: 6.119 GC heap before
{Heap before GC invocations=28 (full 0):
 garbage-first heap   total 146432K, used 111526K [0x0000000080000000, 0x0000000100000000)
  region size 1024K, 39 young (39936K), 1 survivors (1024K)
 Metaspace       used 58741K, committed 59328K, reserved 1114112K
  class space    used 7995K, committed 8256K, reserved 1048576K
}
Event: 6.123 GC heap after
{Heap after GC invocations=29 (full 0):
 garbage-first heap   total 146432K, used 76646K [0x0000000080000000, 0x0000000100000000)
  region size 1024K, 4 young (4096K), 4 survivors (4096K)
 Metaspace       used 58741K, committed 59328K, reserved 1114112K
  class space    used 7995K, committed 8256K, reserved 1048576K
}
Event: 6.412 GC heap before
{Heap before GC invocations=30 (full 0):
 garbage-first heap   total 146432K, used 114534K [0x0000000080000000, 0x0000000100000000)
  region size 1024K, 41 young (41984K), 4 survivors (4096K)
 Metaspace       used 61655K, committed 62208K, reserved 1114112K
  class space    used 8477K, committed 8704K, reserved 1048576K
}
Event: 6.416 GC heap after
{Heap after GC invocations=31 (full 0):
 garbage-first heap   total 146432K, used 78532K [0x0000000080000000, 0x0000000100000000)
  region size 1024K, 2 young (2048K), 2 survivors (2048K)
 Metaspace       used 61655K, committed 62208K, reserved 1114112K
  class space    used 8477K, committed 8704K, reserved 1048576K
}
Event: 6.476 GC heap before
{Heap before GC invocations=31 (full 0):
 garbage-first heap   total 146432K, used 83652K [0x0000000080000000, 0x0000000100000000)
  region size 1024K, 7 young (7168K), 2 survivors (2048K)
 Metaspace       used 62187K, committed 62784K, reserved 1114112K
  class space    used 8548K, committed 8768K, reserved 1048576K
}
Event: 6.480 GC heap after
{Heap after GC invocations=32 (full 0):
 garbage-first heap   total 146432K, used 78530K [0x0000000080000000, 0x0000000100000000)
  region size 1024K, 1 young (1024K), 1 survivors (1024K)
 Metaspace       used 62187K, committed 62784K, reserved 1114112K
  class space    used 8548K, committed 8768K, reserved 1048576K
}
Event: 6.861 GC heap before
{Heap before GC invocations=32 (full 0):
 garbage-first heap   total 146432K, used 128706K [0x0000000080000000, 0x0000000100000000)
  region size 1024K, 38 young (38912K), 1 survivors (1024K)
 Metaspace       used 65095K, committed 65728K, reserved 1114112K
  class space    used 8898K, committed 9152K, reserved 1048576K
}
Event: 6.864 GC heap after
{Heap after GC invocations=33 (full 0):
 garbage-first heap   total 146432K, used 98666K [0x0000000080000000, 0x0000000100000000)
  region size 1024K, 5 young (5120K), 5 survivors (5120K)
 Metaspace       used 65095K, committed 65728K, reserved 1114112K
  class space    used 8898K, committed 9152K, reserved 1048576K
}
Event: 7.004 GC heap before
{Heap before GC invocations=34 (full 0):
 garbage-first heap   total 181248K, used 120170K [0x0000000080000000, 0x0000000100000000)
  region size 1024K, 26 young (26624K), 5 survivors (5120K)
 Metaspace       used 66916K, committed 67520K, reserved 1114112K
  class space    used 9154K, committed 9408K, reserved 1048576K
}
Event: 7.006 GC heap after
{Heap after GC invocations=35 (full 0):
 garbage-first heap   total 181248K, used 99864K [0x0000000080000000, 0x0000000100000000)
  region size 1024K, 1 young (1024K), 1 survivors (1024K)
 Metaspace       used 66916K, committed 67520K, reserved 1114112K
  class space    used 9154K, committed 9408K, reserved 1048576K
}
Event: 7.064 GC heap before
{Heap before GC invocations=35 (full 0):
 garbage-first heap   total 181248K, used 106008K [0x0000000080000000, 0x0000000100000000)
  region size 1024K, 8 young (8192K), 1 survivors (1024K)
 Metaspace       used 67578K, committed 68224K, reserved 1114112K
  class space    used 9231K, committed 9472K, reserved 1048576K
}

