# JRE version: OpenJDK Runtime Environment (17.0.10) (build 17.0.10+0--11609105)
# Java VM: OpenJDK 64-Bit Server VM (17.0.10+0--11609105, mixed mode, tiered, compressed oops, compressed class ptrs, g1 gc, windows-amd64)
GC Precious Log:
 CPUs: 8 total, 8 available
 Memory: 8033M
 Large Page Support: Disabled
 NUMA Support: Disabled
 Compressed Oops: Enabled (32-bit)
 Heap Region Size: 1M
 Heap Min Capacity: 8M
 Heap Initial Capacity: 126M
 Heap Max Capacity: 2G
 Pre-touch: Disabled
 Parallel Workers: 8
 Concurrent Workers: 2
 Concurrent Refinement Workers: 8
 Periodic GC: Disabled
Heap:
 garbage-first heap   total 103424K, used 64989K [0x0000000080000000, 0x0000000100000000)
  region size 1024K, 13 young (13312K), 3 survivors (3072K)
 Metaspace       used 47513K, committed 47936K, reserved 1114112K
  class space    used 6207K, committed 6400K, reserved 1048576K
GC Heap History (20 events):
Event: 5.113 GC heap before
{Heap before GC invocations=5 (full 0):
 garbage-first heap   total 68608K, used 58580K [0x0000000080000000, 0x0000000100000000)
  region size 1024K, 29 young (29696K), 2 survivors (2048K)
 Metaspace       used 30504K, committed 30848K, reserved 1114112K
  class space    used 4121K, committed 4288K, reserved 1048576K
}
Event: 5.119 GC heap after
{Heap after GC invocations=6 (full 0):
 garbage-first heap   total 68608K, used 37789K [0x0000000080000000, 0x0000000100000000)
  region size 1024K, 4 young (4096K), 4 survivors (4096K)
 Metaspace       used 30504K, committed 30848K, reserved 1114112K
  class space    used 4121K, committed 4288K, reserved 1048576K
}
Event: 5.563 GC heap before
{Heap before GC invocations=6 (full 0):
 garbage-first heap   total 68608K, used 51101K [0x0000000080000000, 0x0000000100000000)
  region size 1024K, 17 young (17408K), 4 survivors (4096K)
 Metaspace       used 32352K, committed 32640K, reserved 1114112K
  class space    used 4418K, committed 4544K, reserved 1048576K
}
Event: 5.565 GC heap after
{Heap after GC invocations=7 (full 0):
 garbage-first heap   total 68608K, used 37938K [0x0000000080000000, 0x0000000100000000)
  region size 1024K, 1 young (1024K), 1 survivors (1024K)
 Metaspace       used 32352K, committed 32640K, reserved 1114112K
  class space    used 4418K, committed 4544K, reserved 1048576K
}
Event: 6.119 GC heap before
{Heap before GC invocations=8 (full 0):
 garbage-first heap   total 68608K, used 52274K [0x0000000080000000, 0x0000000100000000)
  region size 1024K, 15 young (15360K), 1 survivors (1024K)
 Metaspace       used 34217K, committed 34560K, reserved 1114112K
  class space    used 4743K, committed 4864K, reserved 1048576K
}
Event: 6.121 GC heap after
{Heap after GC invocations=9 (full 0):
 garbage-first heap   total 68608K, used 38474K [0x0000000080000000, 0x0000000100000000)
  region size 1024K, 2 young (2048K), 2 survivors (2048K)
 Metaspace       used 34217K, committed 34560K, reserved 1114112K
  class space    used 4743K, committed 4864K, reserved 1048576K
}
Event: 6.484 GC heap before
{Heap before GC invocations=9 (full 0):
 garbage-first heap   total 68608K, used 51786K [0x0000000080000000, 0x0000000100000000)
  region size 1024K, 16 young (16384K), 2 survivors (2048K)
 Metaspace       used 37179K, committed 37632K, reserved 1114112K
  class space    used 5113K, committed 5312K, reserved 1048576K
}
Event: 6.487 GC heap after
{Heap after GC invocations=10 (full 0):
 garbage-first heap   total 68608K, used 39796K [0x0000000080000000, 0x0000000100000000)
  region size 1024K, 2 young (2048K), 2 survivors (2048K)
 Metaspace       used 37179K, committed 37632K, reserved 1114112K
  class space    used 5113K, committed 5312K, reserved 1048576K
}
Event: 6.958 GC heap before
{Heap before GC invocations=11 (full 0):
 garbage-first heap   total 70656K, used 53108K [0x0000000080000000, 0x0000000100000000)
  region size 1024K, 16 young (16384K), 2 survivors (2048K)
 Metaspace       used 41369K, committed 41728K, reserved 1114112K
  class space    used 5537K, committed 5696K, reserved 1048576K
}
Event: 6.962 GC heap after
{Heap after GC invocations=12 (full 0):
 garbage-first heap   total 70656K, used 42283K [0x0000000080000000, 0x0000000100000000)
  region size 1024K, 2 young (2048K), 2 survivors (2048K)
 Metaspace       used 41369K, committed 41728K, reserved 1114112K
  class space    used 5537K, committed 5696K, reserved 1048576K
}
Event: 7.050 GC heap before
{Heap before GC invocations=12 (full 0):
 garbage-first heap   total 70656K, used 56619K [0x0000000080000000, 0x0000000100000000)
  region size 1024K, 16 young (16384K), 2 survivors (2048K)
 Metaspace       used 41427K, committed 41792K, reserved 1114112K
  class space    used 5537K, committed 5696K, reserved 1048576K
}
Event: 7.052 GC heap after
{Heap after GC invocations=13 (full 0):
 garbage-first heap   total 70656K, used 44022K [0x0000000080000000, 0x0000000100000000)
  region size 1024K, 2 young (2048K), 2 survivors (2048K)
 Metaspace       used 41427K, committed 41792K, reserved 1114112K
  class space    used 5537K, committed 5696K, reserved 1048576K
}
Event: 7.167 GC heap before
{Heap before GC invocations=14 (full 0):
 garbage-first heap   total 78848K, used 50166K [0x0000000080000000, 0x0000000100000000)
  region size 1024K, 10 young (10240K), 2 survivors (2048K)
 Metaspace       used 41887K, committed 42304K, reserved 1114112K
  class space    used 5583K, committed 5760K, reserved 1048576K
}
Event: 7.170 GC heap after
{Heap after GC invocations=15 (full 0):
 garbage-first heap   total 78848K, used 45565K [0x0000000080000000, 0x0000000100000000)
  region size 1024K, 2 young (2048K), 2 survivors (2048K)
 Metaspace       used 41887K, committed 42304K, reserved 1114112K
  class space    used 5583K, committed 5760K, reserved 1048576K
}
Event: 7.497 GC heap before
{Heap before GC invocations=16 (full 0):
 garbage-first heap   total 86016K, used 65021K [0x0000000080000000, 0x0000000100000000)
  region size 1024K, 18 young (18432K), 2 survivors (2048K)
 Metaspace       used 44680K, committed 45120K, reserved 1114112K
  class space    used 5905K, committed 6080K, reserved 1048576K
}
Event: 7.500 GC heap after
{Heap after GC invocations=17 (full 0):
 garbage-first heap   total 86016K, used 46383K [0x0000000080000000, 0x0000000100000000)
  region size 1024K, 3 young (3072K), 3 survivors (3072K)
 Metaspace       used 44680K, committed 45120K, reserved 1114112K
  class space    used 5905K, committed 6080K, reserved 1048576K
}
Event: 7.781 GC heap before
{Heap before GC invocations=17 (full 0):
 garbage-first heap   total 86016K, used 58671K [0x0000000080000000, 0x0000000100000000)
  region size 1024K, 16 young (16384K), 3 survivors (3072K)
 Metaspace       used 46148K, committed 46656K, reserved 1114112K
  class space    used 6127K, committed 6336K, reserved 1048576K
}
Event: 7.784 GC heap after
{Heap after GC invocations=18 (full 0):
 garbage-first heap   total 103424K, used 47297K [0x0000000080000000, 0x0000000100000000)
  region size 1024K, 3 young (3072K), 3 survivors (3072K)
 Metaspace       used 46148K, committed 46656K, reserved 1114112K
  class space    used 6127K, committed 6336K, reserved 1048576K
}
Event: 7.797 GC heap before
{Heap before GC invocations=18 (full 0):
 garbage-first heap   total 103424K, used 50369K [0x0000000080000000, 0x0000000100000000)
  region size 1024K, 4 young (4096K), 3 survivors (3072K)
 Metaspace       used 46149K, committed 46656K, reserved 1114112K
  class space    used 6127K, committed 6336K, reserved 1048576K
}
Event: 7.800 GC heap after
{Heap after GC invocations=19 (full 0):
 garbage-first heap   total 103424K, used 50653K [0x0000000080000000, 0x0000000100000000)
  region size 1024K, 3 young (3072K), 3 survivors (3072K)
 Metaspace       used 46149K, committed 46656K, reserved 1114112K
  class space    used 6127K, committed 6336K, reserved 1048576K
}

