# JRE version: OpenJDK Runtime Environment (17.0.10) (build 17.0.10+0--11609105)
# Java VM: OpenJDK 64-Bit Server VM (17.0.10+0--11609105, mixed mode, tiered, compressed oops, compressed class ptrs, g1 gc, windows-amd64)
GC Precious Log:
 CPUs: 8 total, 8 available
 Memory: 8033M
 Large Page Support: Disabled
 NUMA Support: Disabled
 Compressed Oops: Enabled (32-bit)
 Heap Region Size: 1M
 Heap Min Capacity: 8M
 Heap Initial Capacity: 126M
 Heap Max Capacity: 2G
 Pre-touch: Disabled
 Parallel Workers: 8
 Concurrent Workers: 2
 Concurrent Refinement Workers: 8
 Periodic GC: Disabled
Heap:
 garbage-first heap   total 111616K, used 68078K [0x0000000080000000, 0x0000000100000000)
  region size 1024K, 2 young (2048K), 2 survivors (2048K)
 Metaspace       used 69641K, committed 70208K, reserved 1114112K
  class space    used 9369K, committed 9664K, reserved 1048576K
GC Heap History (20 events):
Event: 5.552 GC heap after
{Heap after GC invocations=15 (full 0):
 garbage-first heap   total 86016K, used 40740K [0x0000000080000000, 0x0000000100000000)
  region size 1024K, 3 young (3072K), 3 survivors (3072K)
 Metaspace       used 55233K, committed 55680K, reserved 1114112K
  class space    used 7536K, committed 7744K, reserved 1048576K
}
Event: 5.632 GC heap before
{Heap before GC invocations=15 (full 0):
 garbage-first heap   total 86016K, used 47908K [0x0000000080000000, 0x0000000100000000)
  region size 1024K, 12 young (12288K), 3 survivors (3072K)
 Metaspace       used 55496K, committed 55936K, reserved 1114112K
  class space    used 7573K, committed 7744K, reserved 1048576K
}
Event: 5.635 GC heap after
{Heap after GC invocations=16 (full 0):
 garbage-first heap   total 86016K, used 41469K [0x0000000080000000, 0x0000000100000000)
  region size 1024K, 1 young (1024K), 1 survivors (1024K)
 Metaspace       used 55496K, committed 55936K, reserved 1114112K
  class space    used 7573K, committed 7744K, reserved 1048576K
}
Event: 5.855 GC heap before
{Heap before GC invocations=17 (full 0):
 garbage-first heap   total 86016K, used 79357K [0x0000000080000000, 0x0000000100000000)
  region size 1024K, 27 young (27648K), 1 survivors (1024K)
 Metaspace       used 56868K, committed 57280K, reserved 1114112K
  class space    used 7757K, committed 7936K, reserved 1048576K
}
Event: 5.858 GC heap after
{Heap after GC invocations=18 (full 0):
 garbage-first heap   total 89088K, used 59636K [0x0000000080000000, 0x0000000100000000)
  region size 1024K, 4 young (4096K), 4 survivors (4096K)
 Metaspace       used 56868K, committed 57280K, reserved 1114112K
  class space    used 7757K, committed 7936K, reserved 1048576K
}
Event: 5.867 GC heap before
{Heap before GC invocations=18 (full 0):
 garbage-first heap   total 89088K, used 61684K [0x0000000080000000, 0x0000000100000000)
  region size 1024K, 5 young (5120K), 4 survivors (4096K)
 Metaspace       used 56933K, committed 57408K, reserved 1114112K
  class space    used 7766K, committed 8000K, reserved 1048576K
}
Event: 5.869 GC heap after
{Heap after GC invocations=19 (full 0):
 garbage-first heap   total 107520K, used 60288K [0x0000000080000000, 0x0000000100000000)
  region size 1024K, 1 young (1024K), 1 survivors (1024K)
 Metaspace       used 56933K, committed 57408K, reserved 1114112K
  class space    used 7766K, committed 8000K, reserved 1048576K
}
Event: 6.055 GC heap before
{Heap before GC invocations=19 (full 0):
 garbage-first heap   total 107520K, used 82816K [0x0000000080000000, 0x0000000100000000)
  region size 1024K, 24 young (24576K), 1 survivors (1024K)
 Metaspace       used 59053K, committed 59520K, reserved 1114112K
  class space    used 8063K, committed 8256K, reserved 1048576K
}
Event: 6.057 GC heap after
{Heap after GC invocations=20 (full 0):
 garbage-first heap   total 107520K, used 60780K [0x0000000080000000, 0x0000000100000000)
  region size 1024K, 1 young (1024K), 1 survivors (1024K)
 Metaspace       used 59053K, committed 59520K, reserved 1114112K
  class space    used 8063K, committed 8256K, reserved 1048576K
}
Event: 6.289 GC heap before
{Heap before GC invocations=21 (full 0):
 garbage-first heap   total 109568K, used 84332K [0x0000000080000000, 0x0000000100000000)
  region size 1024K, 25 young (25600K), 1 survivors (1024K)
 Metaspace       used 62061K, committed 62592K, reserved 1114112K
  class space    used 8390K, committed 8640K, reserved 1048576K
}
Event: 6.291 GC heap after
{Heap after GC invocations=22 (full 0):
 garbage-first heap   total 109568K, used 61332K [0x0000000080000000, 0x0000000100000000)
  region size 1024K, 2 young (2048K), 2 survivors (2048K)
 Metaspace       used 62061K, committed 62592K, reserved 1114112K
  class space    used 8390K, committed 8640K, reserved 1048576K
}
Event: 6.327 GC heap before
{Heap before GC invocations=22 (full 0):
 garbage-first heap   total 109568K, used 63380K [0x0000000080000000, 0x0000000100000000)
  region size 1024K, 5 young (5120K), 2 survivors (2048K)
 Metaspace       used 62351K, committed 62848K, reserved 1114112K
  class space    used 8418K, committed 8640K, reserved 1048576K
}
Event: 6.332 GC heap after
{Heap after GC invocations=23 (full 0):
 garbage-first heap   total 109568K, used 61416K [0x0000000080000000, 0x0000000100000000)
  region size 1024K, 1 young (1024K), 1 survivors (1024K)
 Metaspace       used 62351K, committed 62848K, reserved 1114112K
  class space    used 8418K, committed 8640K, reserved 1048576K
}
Event: 6.557 GC heap before
{Heap before GC invocations=23 (full 0):
 garbage-first heap   total 109568K, used 87016K [0x0000000080000000, 0x0000000100000000)
  region size 1024K, 27 young (27648K), 1 survivors (1024K)
 Metaspace       used 65425K, committed 65920K, reserved 1114112K
  class space    used 8805K, committed 9024K, reserved 1048576K
}
Event: 6.560 GC heap after
{Heap after GC invocations=24 (full 0):
 garbage-first heap   total 109568K, used 62355K [0x0000000080000000, 0x0000000100000000)
  region size 1024K, 2 young (2048K), 2 survivors (2048K)
 Metaspace       used 65425K, committed 65920K, reserved 1114112K
  class space    used 8805K, committed 9024K, reserved 1048576K
}
Event: 6.796 GC heap before
{Heap before GC invocations=25 (full 0):
 garbage-first heap   total 111616K, used 94099K [0x0000000080000000, 0x0000000100000000)
  region size 1024K, 28 young (28672K), 2 survivors (2048K)
 Metaspace       used 67632K, committed 68288K, reserved 1114112K
  class space    used 9100K, committed 9408K, reserved 1048576K
}
Event: 6.798 GC heap after
{Heap after GC invocations=26 (full 0):
 garbage-first heap   total 111616K, used 67176K [0x0000000080000000, 0x0000000100000000)
  region size 1024K, 4 young (4096K), 4 survivors (4096K)
 Metaspace       used 67632K, committed 68288K, reserved 1114112K
  class space    used 9100K, committed 9408K, reserved 1048576K
}
Event: 6.808 GC heap before
{Heap before GC invocations=26 (full 0):
 garbage-first heap   total 111616K, used 68200K [0x0000000080000000, 0x0000000100000000)
  region size 1024K, 5 young (5120K), 4 survivors (4096K)
 Metaspace       used 67700K, committed 68288K, reserved 1114112K
  class space    used 9114K, committed 9408K, reserved 1048576K
}
Event: 6.811 GC heap after
{Heap after GC invocations=27 (full 0):
 garbage-first heap   total 111616K, used 67323K [0x0000000080000000, 0x0000000100000000)
  region size 1024K, 1 young (1024K), 1 survivors (1024K)
 Metaspace       used 67700K, committed 68288K, reserved 1114112K
  class space    used 9114K, committed 9408K, reserved 1048576K
}
Event: 7.083 GC heap before
{Heap before GC invocations=27 (full 0):
 garbage-first heap   total 111616K, used 90875K [0x0000000080000000, 0x0000000100000000)
  region size 1024K, 24 young (24576K), 1 survivors (1024K)
 Metaspace       used 69641K, committed 70208K, reserved 1114112K
  class space    used 9369K, committed 9664K, reserved 1048576K
}

