# JRE version: OpenJDK Runtime Environment (17.0.10) (build 17.0.10+0--11609105)
# Java VM: OpenJDK 64-Bit Server VM (17.0.10+0--11609105, mixed mode, tiered, compressed oops, compressed class ptrs, g1 gc, windows-amd64)
GC Precious Log:
 CPUs: 8 total, 8 available
 Memory: 8033M
 Large Page Support: Disabled
 NUMA Support: Disabled
 Compressed Oops: Enabled (32-bit)
 Heap Region Size: 1M
 Heap Min Capacity: 8M
 Heap Initial Capacity: 126M
 Heap Max Capacity: 2G
 Pre-touch: Disabled
 Parallel Workers: 8
 Concurrent Workers: 2
 Concurrent Refinement Workers: 8
 Periodic GC: Disabled
Heap:
 garbage-first heap   total 335872K, used 263323K [0x0000000080000000, 0x0000000100000000)
  region size 1024K, 111 young (113664K), 8 survivors (8192K)
 Metaspace       used 113687K, committed 114560K, reserved 1179648K
  class space    used 15204K, committed 15616K, reserved 1048576K
GC Heap History (20 events):
Event: 7.201 GC heap before
{Heap before GC invocations=33 (full 0):
 garbage-first heap   total 162816K, used 112562K [0x0000000080000000, 0x0000000100000000)
  region size 1024K, 23 young (23552K), 1 survivors (1024K)
 Metaspace       used 60142K, committed 60736K, reserved 1114112K
  class space    used 8175K, committed 8448K, reserved 1048576K
}
Event: 7.204 GC heap after
{Heap after GC invocations=34 (full 0):
 garbage-first heap   total 162816K, used 93667K [0x0000000080000000, 0x0000000100000000)
  region size 1024K, 4 young (4096K), 4 survivors (4096K)
 Metaspace       used 60142K, committed 60736K, reserved 1114112K
  class space    used 8175K, committed 8448K, reserved 1048576K
}
Event: 7.427 GC heap before
{Heap before GC invocations=35 (full 0):
 garbage-first heap   total 165888K, used 124387K [0x0000000080000000, 0x0000000100000000)
  region size 1024K, 33 young (33792K), 4 survivors (4096K)
 Metaspace       used 62742K, committed 63424K, reserved 1114112K
  class space    used 8521K, committed 8832K, reserved 1048576K
}
Event: 7.430 GC heap after
{Heap after GC invocations=36 (full 0):
 garbage-first heap   total 165888K, used 96106K [0x0000000080000000, 0x0000000100000000)
  region size 1024K, 2 young (2048K), 2 survivors (2048K)
 Metaspace       used 62742K, committed 63424K, reserved 1114112K
  class space    used 8521K, committed 8832K, reserved 1048576K
}
Event: 7.685 GC heap before
{Heap before GC invocations=36 (full 0):
 garbage-first heap   total 165888K, used 126826K [0x0000000080000000, 0x0000000100000000)
  region size 1024K, 33 young (33792K), 2 survivors (2048K)
 Metaspace       used 66730K, committed 67392K, reserved 1114112K
  class space    used 8919K, committed 9216K, reserved 1048576K
}
Event: 7.687 GC heap after
{Heap after GC invocations=37 (full 0):
 garbage-first heap   total 165888K, used 96743K [0x0000000080000000, 0x0000000100000000)
  region size 1024K, 2 young (2048K), 2 survivors (2048K)
 Metaspace       used 66730K, committed 67392K, reserved 1114112K
  class space    used 8919K, committed 9216K, reserved 1048576K
}
Event: 8.005 GC heap before
{Heap before GC invocations=38 (full 0):
 garbage-first heap   total 167936K, used 134631K [0x0000000080000000, 0x0000000100000000)
  region size 1024K, 35 young (35840K), 2 survivors (2048K)
 Metaspace       used 70330K, committed 70976K, reserved 1114112K
  class space    used 9429K, committed 9728K, reserved 1048576K
}
Event: 8.009 GC heap after
{Heap after GC invocations=39 (full 0):
 garbage-first heap   total 167936K, used 103769K [0x0000000080000000, 0x0000000100000000)
  region size 1024K, 5 young (5120K), 5 survivors (5120K)
 Metaspace       used 70330K, committed 70976K, reserved 1114112K
  class space    used 9429K, committed 9728K, reserved 1048576K
}
Event: 8.013 GC heap before
{Heap before GC invocations=39 (full 0):
 garbage-first heap   total 167936K, used 106841K [0x0000000080000000, 0x0000000100000000)
  region size 1024K, 8 young (8192K), 5 survivors (5120K)
 Metaspace       used 70330K, committed 70976K, reserved 1114112K
  class space    used 9429K, committed 9728K, reserved 1048576K
}
Event: 8.018 GC heap after
{Heap after GC invocations=40 (full 0):
 garbage-first heap   total 335872K, used 105042K [0x0000000080000000, 0x0000000100000000)
  region size 1024K, 1 young (1024K), 1 survivors (1024K)
 Metaspace       used 70330K, committed 70976K, reserved 1114112K
  class space    used 9429K, committed 9728K, reserved 1048576K
}
Event: 9.578 GC heap before
{Heap before GC invocations=40 (full 0):
 garbage-first heap   total 335872K, used 235090K [0x0000000080000000, 0x0000000100000000)
  region size 1024K, 123 young (125952K), 1 survivors (1024K)
 Metaspace       used 78470K, committed 79168K, reserved 1179648K
  class space    used 10515K, committed 10816K, reserved 1048576K
}
Event: 9.586 GC heap after
{Heap after GC invocations=41 (full 0):
 garbage-first heap   total 335872K, used 118025K [0x0000000080000000, 0x0000000100000000)
  region size 1024K, 9 young (9216K), 9 survivors (9216K)
 Metaspace       used 78470K, committed 79168K, reserved 1179648K
  class space    used 10515K, committed 10816K, reserved 1048576K
}
Event: 10.813 GC heap before
{Heap before GC invocations=41 (full 0):
 garbage-first heap   total 335872K, used 253193K [0x0000000080000000, 0x0000000100000000)
  region size 1024K, 140 young (143360K), 9 survivors (9216K)
 Metaspace       used 87846K, committed 88576K, reserved 1179648K
  class space    used 11955K, committed 12288K, reserved 1048576K
}
Event: 10.825 GC heap after
{Heap after GC invocations=42 (full 0):
 garbage-first heap   total 335872K, used 124251K [0x0000000080000000, 0x0000000100000000)
  region size 1024K, 15 young (15360K), 15 survivors (15360K)
 Metaspace       used 87846K, committed 88576K, reserved 1179648K
  class space    used 11955K, committed 12288K, reserved 1048576K
}
Event: 12.288 GC heap before
{Heap before GC invocations=42 (full 0):
 garbage-first heap   total 335872K, used 281947K [0x0000000080000000, 0x0000000100000000)
  region size 1024K, 150 young (153600K), 15 survivors (15360K)
 Metaspace       used 98484K, committed 99200K, reserved 1179648K
  class space    used 13387K, committed 13696K, reserved 1048576K
}
Event: 12.305 GC heap after
{Heap after GC invocations=43 (full 0):
 garbage-first heap   total 335872K, used 155237K [0x0000000080000000, 0x0000000100000000)
  region size 1024K, 19 young (19456K), 19 survivors (19456K)
 Metaspace       used 98484K, committed 99200K, reserved 1179648K
  class space    used 13387K, committed 13696K, reserved 1048576K
}
Event: 13.492 GC heap before
{Heap before GC invocations=43 (full 0):
 garbage-first heap   total 335872K, used 266853K [0x0000000080000000, 0x0000000100000000)
  region size 1024K, 127 young (130048K), 19 survivors (19456K)
 Metaspace       used 110012K, committed 110848K, reserved 1179648K
  class space    used 14830K, committed 15232K, reserved 1048576K
}
Event: 13.507 GC heap after
{Heap after GC invocations=44 (full 0):
 garbage-first heap   total 335872K, used 162572K [0x0000000080000000, 0x0000000100000000)
  region size 1024K, 7 young (7168K), 7 survivors (7168K)
 Metaspace       used 110012K, committed 110848K, reserved 1179648K
  class space    used 14830K, committed 15232K, reserved 1048576K
}
Event: 13.812 GC heap before
{Heap before GC invocations=44 (full 0):
 garbage-first heap   total 335872K, used 182028K [0x0000000080000000, 0x0000000100000000)
  region size 1024K, 27 young (27648K), 7 survivors (7168K)
 Metaspace       used 111880K, committed 112768K, reserved 1179648K
  class space    used 15031K, committed 15424K, reserved 1048576K
}
Event: 13.820 GC heap after
{Heap after GC invocations=45 (full 0):
 garbage-first heap   total 335872K, used 162971K [0x0000000080000000, 0x0000000100000000)
  region size 1024K, 8 young (8192K), 8 survivors (8192K)
 Metaspace       used 111880K, committed 112768K, reserved 1179648K
  class space    used 15031K, committed 15424K, reserved 1048576K
}

