# JRE version: OpenJDK Runtime Environment (17.0.10) (build 17.0.10+0--11609105)
# Java VM: OpenJDK 64-Bit Server VM (17.0.10+0--11609105, mixed mode, tiered, compressed oops, compressed class ptrs, g1 gc, windows-amd64)
GC Precious Log:
 CPUs: 8 total, 8 available
 Memory: 8033M
 Large Page Support: Disabled
 NUMA Support: Disabled
 Compressed Oops: Enabled (32-bit)
 Heap Region Size: 1M
 Heap Min Capacity: 8M
 Heap Initial Capacity: 126M
 Heap Max Capacity: 2G
 Pre-touch: Disabled
 Parallel Workers: 8
 Concurrent Workers: 2
 Concurrent Refinement Workers: 8
 Periodic GC: Disabled
Heap:
 garbage-first heap   total 188416K, used 104176K [0x0000000080000000, 0x0000000100000000)
  region size 1024K, 3 young (3072K), 3 survivors (3072K)
 Metaspace       used 76735K, committed 77376K, reserved 1179648K
  class space    used 10292K, committed 10560K, reserved 1048576K
GC Heap History (20 events):
Event: 5.509 GC heap after
{Heap after GC invocations=23 (full 0):
 garbage-first heap   total 147456K, used 69360K [0x0000000080000000, 0x0000000100000000)
  region size 1024K, 4 young (4096K), 4 survivors (4096K)
 Metaspace       used 55752K, committed 56256K, reserved 1114112K
  class space    used 7575K, committed 7808K, reserved 1048576K
}
Event: 6.059 GC heap before
{Heap before GC invocations=24 (full 0):
 garbage-first heap   total 147456K, used 108272K [0x0000000080000000, 0x0000000100000000)
  region size 1024K, 42 young (43008K), 4 survivors (4096K)
 Metaspace       used 58528K, committed 59072K, reserved 1114112K
  class space    used 7988K, committed 8256K, reserved 1048576K
}
Event: 6.065 GC heap after
{Heap after GC invocations=25 (full 0):
 garbage-first heap   total 147456K, used 73175K [0x0000000080000000, 0x0000000100000000)
  region size 1024K, 6 young (6144K), 6 survivors (6144K)
 Metaspace       used 58528K, committed 59072K, reserved 1114112K
  class space    used 7988K, committed 8256K, reserved 1048576K
}
Event: 6.071 GC heap before
{Heap before GC invocations=25 (full 0):
 garbage-first heap   total 147456K, used 73175K [0x0000000080000000, 0x0000000100000000)
  region size 1024K, 7 young (7168K), 6 survivors (6144K)
 Metaspace       used 58539K, committed 59136K, reserved 1114112K
  class space    used 7988K, committed 8256K, reserved 1048576K
}
Event: 6.076 GC heap after
{Heap after GC invocations=26 (full 0):
 garbage-first heap   total 147456K, used 74174K [0x0000000080000000, 0x0000000100000000)
  region size 1024K, 1 young (1024K), 1 survivors (1024K)
 Metaspace       used 58539K, committed 59136K, reserved 1114112K
  class space    used 7988K, committed 8256K, reserved 1048576K
}
Event: 6.210 GC heap before
{Heap before GC invocations=26 (full 0):
 garbage-first heap   total 147456K, used 95678K [0x0000000080000000, 0x0000000100000000)
  region size 1024K, 24 young (24576K), 1 survivors (1024K)
 Metaspace       used 58754K, committed 59328K, reserved 1114112K
  class space    used 7999K, committed 8256K, reserved 1048576K
}
Event: 6.212 GC heap after
{Heap after GC invocations=27 (full 0):
 garbage-first heap   total 147456K, used 74317K [0x0000000080000000, 0x0000000100000000)
  region size 1024K, 2 young (2048K), 2 survivors (2048K)
 Metaspace       used 58754K, committed 59328K, reserved 1114112K
  class space    used 7999K, committed 8256K, reserved 1048576K
}
Event: 6.274 GC heap before
{Heap before GC invocations=28 (full 0):
 garbage-first heap   total 147456K, used 94797K [0x0000000080000000, 0x0000000100000000)
  region size 1024K, 13 young (13312K), 2 survivors (2048K)
 Metaspace       used 58874K, committed 59456K, reserved 1114112K
  class space    used 8010K, committed 8256K, reserved 1048576K
}
Event: 6.276 GC heap after
{Heap after GC invocations=29 (full 0):
 garbage-first heap   total 147456K, used 90199K [0x0000000080000000, 0x0000000100000000)
  region size 1024K, 6 young (6144K), 6 survivors (6144K)
 Metaspace       used 58874K, committed 59456K, reserved 1114112K
  class space    used 8010K, committed 8256K, reserved 1048576K
}
Event: 6.382 GC heap before
{Heap before GC invocations=30 (full 0):
 garbage-first heap   total 160768K, used 106583K [0x0000000080000000, 0x0000000100000000)
  region size 1024K, 23 young (23552K), 6 survivors (6144K)
 Metaspace       used 60119K, committed 60736K, reserved 1114112K
  class space    used 8181K, committed 8448K, reserved 1048576K
}
Event: 6.385 GC heap after
{Heap after GC invocations=31 (full 0):
 garbage-first heap   total 160768K, used 92645K [0x0000000080000000, 0x0000000100000000)
  region size 1024K, 2 young (2048K), 2 survivors (2048K)
 Metaspace       used 60119K, committed 60736K, reserved 1114112K
  class space    used 8181K, committed 8448K, reserved 1048576K
}
Event: 6.816 GC heap before
{Heap before GC invocations=32 (full 0):
 garbage-first heap   total 168960K, used 120293K [0x0000000080000000, 0x0000000100000000)
  region size 1024K, 29 young (29696K), 2 survivors (2048K)
 Metaspace       used 62576K, committed 63168K, reserved 1114112K
  class space    used 8514K, committed 8768K, reserved 1048576K
}
Event: 6.819 GC heap after
{Heap after GC invocations=33 (full 0):
 garbage-first heap   total 168960K, used 94483K [0x0000000080000000, 0x0000000100000000)
  region size 1024K, 3 young (3072K), 3 survivors (3072K)
 Metaspace       used 62576K, committed 63168K, reserved 1114112K
  class space    used 8514K, committed 8768K, reserved 1048576K
}
Event: 7.344 GC heap before
{Heap before GC invocations=33 (full 0):
 garbage-first heap   total 168960K, used 127251K [0x0000000080000000, 0x0000000100000000)
  region size 1024K, 35 young (35840K), 3 survivors (3072K)
 Metaspace       used 66601K, committed 67200K, reserved 1114112K
  class space    used 8909K, committed 9152K, reserved 1048576K
}
Event: 7.348 GC heap after
{Heap after GC invocations=34 (full 0):
 garbage-first heap   total 168960K, used 95221K [0x0000000080000000, 0x0000000100000000)
  region size 1024K, 3 young (3072K), 3 survivors (3072K)
 Metaspace       used 66601K, committed 67200K, reserved 1114112K
  class space    used 8909K, committed 9152K, reserved 1048576K
}
Event: 7.932 GC heap before
{Heap before GC invocations=35 (full 0):
 garbage-first heap   total 168960K, used 124917K [0x0000000080000000, 0x0000000100000000)
  region size 1024K, 33 young (33792K), 3 survivors (3072K)
 Metaspace       used 70322K, committed 70976K, reserved 1114112K
  class space    used 9435K, committed 9728K, reserved 1048576K
}
Event: 7.936 GC heap after
{Heap after GC invocations=36 (full 0):
 garbage-first heap   total 168960K, used 97700K [0x0000000080000000, 0x0000000100000000)
  region size 1024K, 4 young (4096K), 4 survivors (4096K)
 Metaspace       used 70322K, committed 70976K, reserved 1114112K
  class space    used 9435K, committed 9728K, reserved 1048576K
}
Event: 8.233 GC heap before
{Heap before GC invocations=37 (full 0):
 garbage-first heap   total 188416K, used 137636K [0x0000000080000000, 0x0000000100000000)
  region size 1024K, 38 young (38912K), 4 survivors (4096K)
 Metaspace       used 72278K, committed 72960K, reserved 1114112K
  class space    used 9708K, committed 9984K, reserved 1048576K
}
Event: 8.237 GC heap after
{Heap after GC invocations=38 (full 0):
 garbage-first heap   total 188416K, used 101757K [0x0000000080000000, 0x0000000100000000)
  region size 1024K, 5 young (5120K), 5 survivors (5120K)
 Metaspace       used 72278K, committed 72960K, reserved 1114112K
  class space    used 9708K, committed 9984K, reserved 1048576K
}
Event: 8.942 GC heap before
{Heap before GC invocations=38 (full 0):
 garbage-first heap   total 188416K, used 144765K [0x0000000080000000, 0x0000000100000000)
  region size 1024K, 47 young (48128K), 5 survivors (5120K)
 Metaspace       used 76735K, committed 77376K, reserved 1179648K
  class space    used 10292K, committed 10560K, reserved 1048576K
}

