# JRE version: OpenJDK Runtime Environment (17.0.10) (build 17.0.10+0--11609105)
# Java VM: OpenJDK 64-Bit Server VM (17.0.10+0--11609105, mixed mode, tiered, compressed oops, compressed class ptrs, g1 gc, windows-amd64)
GC Precious Log:
 CPUs: 8 total, 8 available
 Memory: 8033M
 Large Page Support: Disabled
 NUMA Support: Disabled
 Compressed Oops: Enabled (32-bit)
 Heap Region Size: 1M
 Heap Min Capacity: 8M
 Heap Initial Capacity: 126M
 Heap Max Capacity: 2G
 Pre-touch: Disabled
 Parallel Workers: 8
 Concurrent Workers: 2
 Concurrent Refinement Workers: 8
 Periodic GC: Disabled
Heap:
 garbage-first heap   total 376832K, used 287361K [0x0000000080000000, 0x0000000100000000)
  region size 1024K, 120 young (122880K), 6 survivors (6144K)
 Metaspace       used 134247K, committed 135168K, reserved 1179648K
  class space    used 17760K, committed 18240K, reserved 1048576K
GC Heap History (20 events):
Event: 19.638 GC heap before
{Heap before GC invocations=42 (full 0):
 garbage-first heap   total 376832K, used 147089K [0x0000000080000000, 0x0000000100000000)
  region size 1024K, 23 young (23552K), 22 survivors (22528K)
 Metaspace       used 108940K, committed 109696K, reserved 1179648K
  class space    used 14739K, committed 15104K, reserved 1048576K
}
Event: 19.651 GC heap after
{Heap after GC invocations=43 (full 0):
 garbage-first heap   total 376832K, used 148910K [0x0000000080000000, 0x0000000100000000)
  region size 1024K, 3 young (3072K), 3 survivors (3072K)
 Metaspace       used 108940K, committed 109696K, reserved 1179648K
  class space    used 14739K, committed 15104K, reserved 1048576K
}
Event: 20.503 GC heap before
{Heap before GC invocations=43 (full 0):
 garbage-first heap   total 376832K, used 269742K [0x0000000080000000, 0x0000000100000000)
  region size 1024K, 105 young (107520K), 3 survivors (3072K)
 Metaspace       used 112869K, committed 113600K, reserved 1179648K
  class space    used 15103K, committed 15424K, reserved 1048576K
}
Event: 20.511 GC heap after
{Heap after GC invocations=44 (full 0):
 garbage-first heap   total 376832K, used 156889K [0x0000000080000000, 0x0000000100000000)
  region size 1024K, 11 young (11264K), 11 survivors (11264K)
 Metaspace       used 112869K, committed 113600K, reserved 1179648K
  class space    used 15103K, committed 15424K, reserved 1048576K
}
Event: 21.068 GC heap before
{Heap before GC invocations=44 (full 0):
 garbage-first heap   total 376832K, used 267481K [0x0000000080000000, 0x0000000100000000)
  region size 1024K, 118 young (120832K), 11 survivors (11264K)
 Metaspace       used 114799K, committed 115520K, reserved 1179648K
  class space    used 15288K, committed 15616K, reserved 1048576K
}
Event: 21.078 GC heap after
{Heap after GC invocations=45 (full 0):
 garbage-first heap   total 376832K, used 159787K [0x0000000080000000, 0x0000000100000000)
  region size 1024K, 9 young (9216K), 9 survivors (9216K)
 Metaspace       used 114799K, committed 115520K, reserved 1179648K
  class space    used 15288K, committed 15616K, reserved 1048576K
}
Event: 23.017 GC heap before
{Heap before GC invocations=45 (full 0):
 garbage-first heap   total 376832K, used 279595K [0x0000000080000000, 0x0000000100000000)
  region size 1024K, 127 young (130048K), 9 survivors (9216K)
 Metaspace       used 117108K, committed 117888K, reserved 1179648K
  class space    used 15538K, committed 15936K, reserved 1048576K
}
Event: 23.026 GC heap after
{Heap after GC invocations=46 (full 0):
 garbage-first heap   total 376832K, used 160496K [0x0000000080000000, 0x0000000100000000)
  region size 1024K, 10 young (10240K), 10 survivors (10240K)
 Metaspace       used 117108K, committed 117888K, reserved 1179648K
  class space    used 15538K, committed 15936K, reserved 1048576K
}
Event: 28.442 GC heap before
{Heap before GC invocations=46 (full 0):
 garbage-first heap   total 376832K, used 288496K [0x0000000080000000, 0x0000000100000000)
  region size 1024K, 136 young (139264K), 10 survivors (10240K)
 Metaspace       used 127976K, committed 128832K, reserved 1179648K
  class space    used 16947K, committed 17344K, reserved 1048576K
}
Event: 28.451 GC heap after
{Heap after GC invocations=47 (full 0):
 garbage-first heap   total 376832K, used 166894K [0x0000000080000000, 0x0000000100000000)
  region size 1024K, 12 young (12288K), 12 survivors (12288K)
 Metaspace       used 127976K, committed 128832K, reserved 1179648K
  class space    used 16947K, committed 17344K, reserved 1048576K
}
Event: 29.547 GC heap before
{Heap before GC invocations=47 (full 0):
 garbage-first heap   total 376832K, used 296942K [0x0000000080000000, 0x0000000100000000)
  region size 1024K, 138 young (141312K), 12 survivors (12288K)
 Metaspace       used 130893K, committed 131712K, reserved 1179648K
  class space    used 17313K, committed 17728K, reserved 1048576K
}
Event: 29.558 GC heap after
{Heap after GC invocations=48 (full 0):
 garbage-first heap   total 376832K, used 174170K [0x0000000080000000, 0x0000000100000000)
  region size 1024K, 12 young (12288K), 12 survivors (12288K)
 Metaspace       used 130893K, committed 131712K, reserved 1179648K
  class space    used 17313K, committed 17728K, reserved 1048576K
}
Event: 29.822 GC heap before
{Heap before GC invocations=48 (full 0):
 garbage-first heap   total 376832K, used 302170K [0x0000000080000000, 0x0000000100000000)
  region size 1024K, 137 young (140288K), 12 survivors (12288K)
 Metaspace       used 130893K, committed 131712K, reserved 1179648K
  class space    used 17313K, committed 17728K, reserved 1048576K
}
Event: 29.829 GC heap after
{Heap after GC invocations=49 (full 0):
 garbage-first heap   total 376832K, used 176025K [0x0000000080000000, 0x0000000100000000)
  region size 1024K, 7 young (7168K), 7 survivors (7168K)
 Metaspace       used 130893K, committed 131712K, reserved 1179648K
  class space    used 17313K, committed 17728K, reserved 1048576K
}
Event: 30.273 GC heap before
{Heap before GC invocations=49 (full 0):
 garbage-first heap   total 376832K, used 308121K [0x0000000080000000, 0x0000000100000000)
  region size 1024K, 136 young (139264K), 7 survivors (7168K)
 Metaspace       used 130924K, committed 131776K, reserved 1179648K
  class space    used 17316K, committed 17728K, reserved 1048576K
}
Event: 30.277 GC heap after
{Heap after GC invocations=50 (full 0):
 garbage-first heap   total 376832K, used 173541K [0x0000000080000000, 0x0000000100000000)
  region size 1024K, 7 young (7168K), 7 survivors (7168K)
 Metaspace       used 130924K, committed 131776K, reserved 1179648K
  class space    used 17316K, committed 17728K, reserved 1048576K
}
Event: 30.663 GC heap before
{Heap before GC invocations=50 (full 0):
 garbage-first heap   total 376832K, used 311781K [0x0000000080000000, 0x0000000100000000)
  region size 1024K, 142 young (145408K), 7 survivors (7168K)
 Metaspace       used 130924K, committed 131776K, reserved 1179648K
  class space    used 17316K, committed 17728K, reserved 1048576K
}
Event: 30.667 GC heap after
{Heap after GC invocations=51 (full 0):
 garbage-first heap   total 376832K, used 174969K [0x0000000080000000, 0x0000000100000000)
  region size 1024K, 8 young (8192K), 8 survivors (8192K)
 Metaspace       used 130924K, committed 131776K, reserved 1179648K
  class space    used 17316K, committed 17728K, reserved 1048576K
}
Event: 31.067 GC heap before
{Heap before GC invocations=51 (full 0):
 garbage-first heap   total 376832K, used 316281K [0x0000000080000000, 0x0000000100000000)
  region size 1024K, 146 young (149504K), 8 survivors (8192K)
 Metaspace       used 130924K, committed 131776K, reserved 1179648K
  class space    used 17316K, committed 17728K, reserved 1048576K
}
Event: 31.071 GC heap after
{Heap after GC invocations=52 (full 0):
 garbage-first heap   total 376832K, used 172673K [0x0000000080000000, 0x0000000100000000)
  region size 1024K, 6 young (6144K), 6 survivors (6144K)
 Metaspace       used 130924K, committed 131776K, reserved 1179648K
  class space    used 17316K, committed 17728K, reserved 1048576K
}

