# JRE version: OpenJDK Runtime Environment (17.0.10) (build 17.0.10+0--11609105)
# Java VM: OpenJDK 64-Bit Server VM (17.0.10+0--11609105, mixed mode, tiered, compressed oops, compressed class ptrs, g1 gc, windows-amd64)
GC Precious Log:
 CPUs: 8 total, 8 available
 Memory: 8033M
 Large Page Support: Disabled
 NUMA Support: Disabled
 Compressed Oops: Enabled (32-bit)
 Heap Region Size: 1M
 Heap Min Capacity: 8M
 Heap Initial Capacity: 126M
 Heap Max Capacity: 2G
 Pre-touch: Disabled
 Parallel Workers: 8
 Concurrent Workers: 2
 Concurrent Refinement Workers: 8
 Periodic GC: Disabled
Heap:
 garbage-first heap   total 143360K, used 95540K [0x0000000080000000, 0x0000000100000000)
  region size 1024K, 1 young (1024K), 1 survivors (1024K)
 Metaspace       used 60172K, committed 60736K, reserved 1114112K
  class space    used 8194K, committed 8448K, reserved 1048576K
GC Heap History (20 events):
Event: 5.306 GC heap after
{Heap after GC invocations=21 (full 0):
 garbage-first heap   total 91136K, used 49521K [0x0000000080000000, 0x0000000100000000)
  region size 1024K, 4 young (4096K), 4 survivors (4096K)
 Metaspace       used 50480K, committed 51008K, reserved 1114112K
  class space    used 6834K, committed 7040K, reserved 1048576K
}
Event: 5.411 GC heap before
{Heap before GC invocations=22 (full 0):
 garbage-first heap   total 102400K, used 62833K [0x0000000080000000, 0x0000000100000000)
  region size 1024K, 11 young (11264K), 4 survivors (4096K)
 Metaspace       used 50736K, committed 51200K, reserved 1114112K
  class space    used 6882K, committed 7104K, reserved 1048576K
}
Event: 5.414 GC heap after
{Heap after GC invocations=23 (full 0):
 garbage-first heap   total 102400K, used 60119K [0x0000000080000000, 0x0000000100000000)
  region size 1024K, 4 young (4096K), 4 survivors (4096K)
 Metaspace       used 50736K, committed 51200K, reserved 1114112K
  class space    used 6882K, committed 7104K, reserved 1048576K
}
Event: 5.462 GC heap before
{Heap before GC invocations=24 (full 0):
 garbage-first heap   total 116736K, used 69335K [0x0000000080000000, 0x0000000100000000)
  region size 1024K, 10 young (10240K), 4 survivors (4096K)
 Metaspace       used 51086K, committed 51584K, reserved 1114112K
  class space    used 6906K, committed 7104K, reserved 1048576K
}
Event: 5.466 GC heap after
{Heap after GC invocations=25 (full 0):
 garbage-first heap   total 116736K, used 66992K [0x0000000080000000, 0x0000000100000000)
  region size 1024K, 2 young (2048K), 2 survivors (2048K)
 Metaspace       used 51086K, committed 51584K, reserved 1114112K
  class space    used 6906K, committed 7104K, reserved 1048576K
}
Event: 5.683 GC heap before
{Heap before GC invocations=26 (full 0):
 garbage-first heap   total 117760K, used 85424K [0x0000000080000000, 0x0000000100000000)
  region size 1024K, 19 young (19456K), 2 survivors (2048K)
 Metaspace       used 52883K, committed 53376K, reserved 1114112K
  class space    used 7066K, committed 7296K, reserved 1048576K
}
Event: 5.686 GC heap after
{Heap after GC invocations=27 (full 0):
 garbage-first heap   total 117760K, used 67742K [0x0000000080000000, 0x0000000100000000)
  region size 1024K, 3 young (3072K), 3 survivors (3072K)
 Metaspace       used 52883K, committed 53376K, reserved 1114112K
  class space    used 7066K, committed 7296K, reserved 1048576K
}
Event: 5.939 GC heap before
{Heap before GC invocations=27 (full 0):
 garbage-first heap   total 117760K, used 86174K [0x0000000080000000, 0x0000000100000000)
  region size 1024K, 21 young (21504K), 3 survivors (3072K)
 Metaspace       used 54033K, committed 54592K, reserved 1114112K
  class space    used 7270K, committed 7488K, reserved 1048576K
}
Event: 5.945 GC heap after
{Heap after GC invocations=28 (full 0):
 garbage-first heap   total 117760K, used 69118K [0x0000000080000000, 0x0000000100000000)
  region size 1024K, 2 young (2048K), 2 survivors (2048K)
 Metaspace       used 54033K, committed 54592K, reserved 1114112K
  class space    used 7270K, committed 7488K, reserved 1048576K
}
Event: 6.227 GC heap before
{Heap before GC invocations=29 (full 0):
 garbage-first heap   total 122880K, used 88574K [0x0000000080000000, 0x0000000100000000)
  region size 1024K, 21 young (21504K), 2 survivors (2048K)
 Metaspace       used 55809K, committed 56320K, reserved 1114112K
  class space    used 7594K, committed 7808K, reserved 1048576K
}
Event: 6.230 GC heap after
{Heap after GC invocations=30 (full 0):
 garbage-first heap   total 122880K, used 70631K [0x0000000080000000, 0x0000000100000000)
  region size 1024K, 2 young (2048K), 2 survivors (2048K)
 Metaspace       used 55809K, committed 56320K, reserved 1114112K
  class space    used 7594K, committed 7808K, reserved 1048576K
}
Event: 6.600 GC heap before
{Heap before GC invocations=30 (full 0):
 garbage-first heap   total 122880K, used 94183K [0x0000000080000000, 0x0000000100000000)
  region size 1024K, 25 young (25600K), 2 survivors (2048K)
 Metaspace       used 58132K, committed 58816K, reserved 1114112K
  class space    used 7949K, committed 8256K, reserved 1048576K
}
Event: 6.603 GC heap after
{Heap after GC invocations=31 (full 0):
 garbage-first heap   total 122880K, used 72405K [0x0000000080000000, 0x0000000100000000)
  region size 1024K, 4 young (4096K), 4 survivors (4096K)
 Metaspace       used 58132K, committed 58816K, reserved 1114112K
  class space    used 7949K, committed 8256K, reserved 1048576K
}
Event: 6.884 GC heap before
{Heap before GC invocations=32 (full 0):
 garbage-first heap   total 124928K, used 94933K [0x0000000080000000, 0x0000000100000000)
  region size 1024K, 27 young (27648K), 4 survivors (4096K)
 Metaspace       used 58616K, committed 59264K, reserved 1114112K
  class space    used 7998K, committed 8256K, reserved 1048576K
}
Event: 6.889 GC heap after
{Heap after GC invocations=33 (full 0):
 garbage-first heap   total 124928K, used 74640K [0x0000000080000000, 0x0000000100000000)
  region size 1024K, 4 young (4096K), 4 survivors (4096K)
 Metaspace       used 58616K, committed 59264K, reserved 1114112K
  class space    used 7998K, committed 8256K, reserved 1048576K
}
Event: 6.988 GC heap before
{Heap before GC invocations=33 (full 0):
 garbage-first heap   total 124928K, used 87952K [0x0000000080000000, 0x0000000100000000)
  region size 1024K, 19 young (19456K), 4 survivors (4096K)
 Metaspace       used 58774K, committed 59456K, reserved 1114112K
  class space    used 8010K, committed 8320K, reserved 1048576K
}
Event: 6.991 GC heap after
{Heap after GC invocations=34 (full 0):
 garbage-first heap   total 124928K, used 75553K [0x0000000080000000, 0x0000000100000000)
  region size 1024K, 1 young (1024K), 1 survivors (1024K)
 Metaspace       used 58774K, committed 59456K, reserved 1114112K
  class space    used 8010K, committed 8320K, reserved 1048576K
}
Event: 7.150 GC heap before
{Heap before GC invocations=35 (full 0):
 garbage-first heap   total 143360K, used 111393K [0x0000000080000000, 0x0000000100000000)
  region size 1024K, 25 young (25600K), 1 survivors (1024K)
 Metaspace       used 60008K, committed 60608K, reserved 1114112K
  class space    used 8178K, committed 8448K, reserved 1048576K
}
Event: 7.153 GC heap after
{Heap after GC invocations=36 (full 0):
 garbage-first heap   total 143360K, used 93739K [0x0000000080000000, 0x0000000100000000)
  region size 1024K, 4 young (4096K), 4 survivors (4096K)
 Metaspace       used 60008K, committed 60608K, reserved 1114112K
  class space    used 8178K, committed 8448K, reserved 1048576K
}
Event: 7.165 GC heap before
{Heap before GC invocations=36 (full 0):
 garbage-first heap   total 143360K, used 97835K [0x0000000080000000, 0x0000000100000000)
  region size 1024K, 7 young (7168K), 4 survivors (4096K)
 Metaspace       used 60172K, committed 60736K, reserved 1114112K
  class space    used 8194K, committed 8448K, reserved 1048576K
}

