# JRE version: OpenJDK Runtime Environment (17.0.10) (build 17.0.10+0--11609105)
# Java VM: OpenJDK 64-Bit Server VM (17.0.10+0--11609105, mixed mode, tiered, compressed oops, compressed class ptrs, g1 gc, windows-amd64)
GC Precious Log:
 CPUs: 8 total, 8 available
 Memory: 8033M
 Large Page Support: Disabled
 NUMA Support: Disabled
 Compressed Oops: Enabled (32-bit)
 Heap Region Size: 1M
 Heap Min Capacity: 8M
 Heap Initial Capacity: 126M
 Heap Max Capacity: 2G
 Pre-touch: Disabled
 Parallel Workers: 8
 Concurrent Workers: 2
 Concurrent Refinement Workers: 8
 Periodic GC: Disabled
Heap:
 garbage-first heap   total 165888K, used 107320K [0x0000000080000000, 0x0000000100000000)
  region size 1024K, 19 young (19456K), 5 survivors (5120K)
 Metaspace       used 81837K, committed 82496K, reserved 1179648K
  class space    used 11044K, committed 11328K, reserved 1048576K
GC Heap History (20 events):
Event: 8.119 GC heap before
{Heap before GC invocations=26 (full 0):
 garbage-first heap   total 124928K, used 90574K [0x0000000080000000, 0x0000000100000000)
  region size 1024K, 22 young (22528K), 4 survivors (4096K)
 Metaspace       used 55814K, committed 56320K, reserved 1114112K
  class space    used 7446K, committed 7680K, reserved 1048576K
}
Event: 8.122 GC heap after
{Heap after GC invocations=27 (full 0):
 garbage-first heap   total 124928K, used 76632K [0x0000000080000000, 0x0000000100000000)
  region size 1024K, 3 young (3072K), 3 survivors (3072K)
 Metaspace       used 55814K, committed 56320K, reserved 1114112K
  class space    used 7446K, committed 7680K, reserved 1048576K
}
Event: 8.384 GC heap before
{Heap before GC invocations=27 (full 0):
 garbage-first heap   total 124928K, used 95064K [0x0000000080000000, 0x0000000100000000)
  region size 1024K, 21 young (21504K), 3 survivors (3072K)
 Metaspace       used 58715K, committed 59328K, reserved 1114112K
  class space    used 7796K, committed 8064K, reserved 1048576K
}
Event: 8.387 GC heap after
{Heap after GC invocations=28 (full 0):
 garbage-first heap   total 150528K, used 77088K [0x0000000080000000, 0x0000000100000000)
  region size 1024K, 1 young (1024K), 1 survivors (1024K)
 Metaspace       used 58715K, committed 59328K, reserved 1114112K
  class space    used 7796K, committed 8064K, reserved 1048576K
}
Event: 8.855 GC heap before
{Heap before GC invocations=29 (full 0):
 garbage-first heap   total 150528K, used 108832K [0x0000000080000000, 0x0000000100000000)
  region size 1024K, 32 young (32768K), 1 survivors (1024K)
 Metaspace       used 65029K, committed 65664K, reserved 1114112K
  class space    used 8586K, committed 8896K, reserved 1048576K
}
Event: 8.858 GC heap after
{Heap after GC invocations=30 (full 0):
 garbage-first heap   total 150528K, used 79814K [0x0000000080000000, 0x0000000100000000)
  region size 1024K, 4 young (4096K), 4 survivors (4096K)
 Metaspace       used 65029K, committed 65664K, reserved 1114112K
  class space    used 8586K, committed 8896K, reserved 1048576K
}
Event: 8.876 GC heap before
{Heap before GC invocations=30 (full 0):
 garbage-first heap   total 150528K, used 80838K [0x0000000080000000, 0x0000000100000000)
  region size 1024K, 6 young (6144K), 4 survivors (4096K)
 Metaspace       used 65076K, committed 65728K, reserved 1114112K
  class space    used 8592K, committed 8896K, reserved 1048576K
}
Event: 8.879 GC heap after
{Heap after GC invocations=31 (full 0):
 garbage-first heap   total 150528K, used 80170K [0x0000000080000000, 0x0000000100000000)
  region size 1024K, 2 young (2048K), 2 survivors (2048K)
 Metaspace       used 65076K, committed 65728K, reserved 1114112K
  class space    used 8592K, committed 8896K, reserved 1048576K
}
Event: 9.146 GC heap before
{Heap before GC invocations=32 (full 0):
 garbage-first heap   total 165888K, used 113962K [0x0000000080000000, 0x0000000100000000)
  region size 1024K, 29 young (29696K), 2 survivors (2048K)
 Metaspace       used 66864K, committed 67456K, reserved 1114112K
  class space    used 8834K, committed 9088K, reserved 1048576K
}
Event: 9.150 GC heap after
{Heap after GC invocations=33 (full 0):
 garbage-first heap   total 165888K, used 82450K [0x0000000080000000, 0x0000000100000000)
  region size 1024K, 4 young (4096K), 4 survivors (4096K)
 Metaspace       used 66864K, committed 67456K, reserved 1114112K
  class space    used 8834K, committed 9088K, reserved 1048576K
}
Event: 9.436 GC heap before
{Heap before GC invocations=33 (full 0):
 garbage-first heap   total 165888K, used 103954K [0x0000000080000000, 0x0000000100000000)
  region size 1024K, 26 young (26624K), 4 survivors (4096K)
 Metaspace       used 68634K, committed 69248K, reserved 1114112K
  class space    used 9037K, committed 9344K, reserved 1048576K
}
Event: 9.443 GC heap after
{Heap after GC invocations=34 (full 0):
 garbage-first heap   total 165888K, used 84286K [0x0000000080000000, 0x0000000100000000)
  region size 1024K, 2 young (2048K), 2 survivors (2048K)
 Metaspace       used 68634K, committed 69248K, reserved 1114112K
  class space    used 9037K, committed 9344K, reserved 1048576K
}
Event: 9.959 GC heap before
{Heap before GC invocations=35 (full 0):
 garbage-first heap   total 165888K, used 122174K [0x0000000080000000, 0x0000000100000000)
  region size 1024K, 38 young (38912K), 2 survivors (2048K)
 Metaspace       used 72168K, committed 72768K, reserved 1114112K
  class space    used 9519K, committed 9792K, reserved 1048576K
}
Event: 9.962 GC heap after
{Heap after GC invocations=36 (full 0):
 garbage-first heap   total 165888K, used 86052K [0x0000000080000000, 0x0000000100000000)
  region size 1024K, 4 young (4096K), 4 survivors (4096K)
 Metaspace       used 72168K, committed 72768K, reserved 1114112K
  class space    used 9519K, committed 9792K, reserved 1048576K
}
Event: 10.192 GC heap before
{Heap before GC invocations=36 (full 0):
 garbage-first heap   total 165888K, used 123940K [0x0000000080000000, 0x0000000100000000)
  region size 1024K, 41 young (41984K), 4 survivors (4096K)
 Metaspace       used 72453K, committed 73088K, reserved 1114112K
  class space    used 9533K, committed 9792K, reserved 1048576K
}
Event: 10.197 GC heap after
{Heap after GC invocations=37 (full 0):
 garbage-first heap   total 165888K, used 89280K [0x0000000080000000, 0x0000000100000000)
  region size 1024K, 6 young (6144K), 6 survivors (6144K)
 Metaspace       used 72453K, committed 73088K, reserved 1114112K
  class space    used 9533K, committed 9792K, reserved 1048576K
}
Event: 10.695 GC heap before
{Heap before GC invocations=38 (full 0):
 garbage-first heap   total 165888K, used 127168K [0x0000000080000000, 0x0000000100000000)
  region size 1024K, 43 young (44032K), 6 survivors (6144K)
 Metaspace       used 76622K, committed 77248K, reserved 1179648K
  class space    used 10200K, committed 10496K, reserved 1048576K
}
Event: 10.699 GC heap after
{Heap after GC invocations=39 (full 0):
 garbage-first heap   total 165888K, used 91548K [0x0000000080000000, 0x0000000100000000)
  region size 1024K, 3 young (3072K), 3 survivors (3072K)
 Metaspace       used 76622K, committed 77248K, reserved 1179648K
  class space    used 10200K, committed 10496K, reserved 1048576K
}
Event: 11.194 GC heap before
{Heap before GC invocations=39 (full 0):
 garbage-first heap   total 165888K, used 129436K [0x0000000080000000, 0x0000000100000000)
  region size 1024K, 40 young (40960K), 3 survivors (3072K)
 Metaspace       used 80645K, committed 81344K, reserved 1179648K
  class space    used 10867K, committed 11200K, reserved 1048576K
}
Event: 11.199 GC heap after
{Heap after GC invocations=40 (full 0):
 garbage-first heap   total 165888K, used 94008K [0x0000000080000000, 0x0000000100000000)
  region size 1024K, 5 young (5120K), 5 survivors (5120K)
 Metaspace       used 80645K, committed 81344K, reserved 1179648K
  class space    used 10867K, committed 11200K, reserved 1048576K
}

