# JRE version: OpenJDK Runtime Environment (17.0.10) (build 17.0.10+0--11609105)
# Java VM: OpenJDK 64-Bit Server VM (17.0.10+0--11609105, mixed mode, tiered, compressed oops, compressed class ptrs, g1 gc, windows-amd64)
GC Precious Log:
 CPUs: 8 total, 8 available
 Memory: 8033M
 Large Page Support: Disabled
 NUMA Support: Disabled
 Compressed Oops: Enabled (32-bit)
 Heap Region Size: 1M
 Heap Min Capacity: 8M
 Heap Initial Capacity: 126M
 Heap Max Capacity: 2G
 Pre-touch: Disabled
 Parallel Workers: 8
 Concurrent Workers: 2
 Concurrent Refinement Workers: 8
 Periodic GC: Disabled
Heap:
 garbage-first heap   total 171008K, used 98466K [0x0000000080000000, 0x0000000100000000)
  region size 1024K, 3 young (3072K), 1 survivors (1024K)
 Metaspace       used 69044K, committed 69696K, reserved 1114112K
  class space    used 9290K, committed 9600K, reserved 1048576K
GC Heap History (20 events):
Event: 5.980 GC heap before
{Heap before GC invocations=29 (full 0):
 garbage-first heap   total 122880K, used 90396K [0x0000000080000000, 0x0000000100000000)
  region size 1024K, 23 young (23552K), 3 survivors (3072K)
 Metaspace       used 55783K, committed 56320K, reserved 1114112K
  class space    used 7590K, committed 7808K, reserved 1048576K
}
Event: 5.983 GC heap after
{Heap after GC invocations=30 (full 0):
 garbage-first heap   total 122880K, used 71520K [0x0000000080000000, 0x0000000100000000)
  region size 1024K, 2 young (2048K), 2 survivors (2048K)
 Metaspace       used 55783K, committed 56320K, reserved 1114112K
  class space    used 7590K, committed 7808K, reserved 1048576K
}
Event: 6.041 GC heap before
{Heap before GC invocations=30 (full 0):
 garbage-first heap   total 122880K, used 75616K [0x0000000080000000, 0x0000000100000000)
  region size 1024K, 6 young (6144K), 2 survivors (2048K)
 Metaspace       used 56165K, committed 56704K, reserved 1114112K
  class space    used 7666K, committed 7872K, reserved 1048576K
}
Event: 6.043 GC heap after
{Heap after GC invocations=31 (full 0):
 garbage-first heap   total 122880K, used 71460K [0x0000000080000000, 0x0000000100000000)
  region size 1024K, 1 young (1024K), 1 survivors (1024K)
 Metaspace       used 56165K, committed 56704K, reserved 1114112K
  class space    used 7666K, committed 7872K, reserved 1048576K
}
Event: 6.382 GC heap before
{Heap before GC invocations=31 (full 0):
 garbage-first heap   total 122880K, used 93988K [0x0000000080000000, 0x0000000100000000)
  region size 1024K, 23 young (23552K), 1 survivors (1024K)
 Metaspace       used 58165K, committed 58816K, reserved 1114112K
  class space    used 7951K, committed 8256K, reserved 1048576K
}
Event: 6.384 GC heap after
{Heap after GC invocations=32 (full 0):
 garbage-first heap   total 122880K, used 73551K [0x0000000080000000, 0x0000000100000000)
  region size 1024K, 3 young (3072K), 3 survivors (3072K)
 Metaspace       used 58165K, committed 58816K, reserved 1114112K
  class space    used 7951K, committed 8256K, reserved 1048576K
}
Event: 6.631 GC heap before
{Heap before GC invocations=33 (full 0):
 garbage-first heap   total 128000K, used 95055K [0x0000000080000000, 0x0000000100000000)
  region size 1024K, 25 young (25600K), 3 survivors (3072K)
 Metaspace       used 58626K, committed 59200K, reserved 1114112K
  class space    used 7992K, committed 8256K, reserved 1048576K
}
Event: 6.636 GC heap after
{Heap after GC invocations=34 (full 0):
 garbage-first heap   total 128000K, used 75381K [0x0000000080000000, 0x0000000100000000)
  region size 1024K, 3 young (3072K), 3 survivors (3072K)
 Metaspace       used 58626K, committed 59200K, reserved 1114112K
  class space    used 7992K, committed 8256K, reserved 1048576K
}
Event: 6.653 GC heap before
{Heap before GC invocations=34 (full 0):
 garbage-first heap   total 128000K, used 77429K [0x0000000080000000, 0x0000000100000000)
  region size 1024K, 6 young (6144K), 3 survivors (3072K)
 Metaspace       used 58657K, committed 59264K, reserved 1114112K
  class space    used 7992K, committed 8256K, reserved 1048576K
}
Event: 6.656 GC heap after
{Heap after GC invocations=35 (full 0):
 garbage-first heap   total 153600K, used 75148K [0x0000000080000000, 0x0000000100000000)
  region size 1024K, 1 young (1024K), 1 survivors (1024K)
 Metaspace       used 58657K, committed 59264K, reserved 1114112K
  class space    used 7992K, committed 8256K, reserved 1048576K
}
Event: 6.787 GC heap before
{Heap before GC invocations=35 (full 0):
 garbage-first heap   total 153600K, used 84364K [0x0000000080000000, 0x0000000100000000)
  region size 1024K, 12 young (12288K), 1 survivors (1024K)
 Metaspace       used 58811K, committed 59456K, reserved 1114112K
  class space    used 8003K, committed 8320K, reserved 1048576K
}
Event: 6.789 GC heap after
{Heap after GC invocations=36 (full 0):
 garbage-first heap   total 153600K, used 75446K [0x0000000080000000, 0x0000000100000000)
  region size 1024K, 1 young (1024K), 1 survivors (1024K)
 Metaspace       used 58811K, committed 59456K, reserved 1114112K
  class space    used 8003K, committed 8320K, reserved 1048576K
}
Event: 7.069 GC heap before
{Heap before GC invocations=37 (full 0):
 garbage-first heap   total 153600K, used 129718K [0x0000000080000000, 0x0000000100000000)
  region size 1024K, 42 young (43008K), 1 survivors (1024K)
 Metaspace       used 61479K, committed 62144K, reserved 1114112K
  class space    used 8363K, committed 8640K, reserved 1048576K
}
Event: 7.072 GC heap after
{Heap after GC invocations=38 (full 0):
 garbage-first heap   total 153600K, used 95085K [0x0000000080000000, 0x0000000100000000)
  region size 1024K, 6 young (6144K), 6 survivors (6144K)
 Metaspace       used 61479K, committed 62144K, reserved 1114112K
  class space    used 8363K, committed 8640K, reserved 1048576K
}
Event: 7.080 GC heap before
{Heap before GC invocations=38 (full 0):
 garbage-first heap   total 153600K, used 95085K [0x0000000080000000, 0x0000000100000000)
  region size 1024K, 7 young (7168K), 6 survivors (6144K)
 Metaspace       used 61562K, committed 62208K, reserved 1114112K
  class space    used 8377K, committed 8640K, reserved 1048576K
}
Event: 7.083 GC heap after
{Heap after GC invocations=39 (full 0):
 garbage-first heap   total 153600K, used 95533K [0x0000000080000000, 0x0000000100000000)
  region size 1024K, 1 young (1024K), 1 survivors (1024K)
 Metaspace       used 61562K, committed 62208K, reserved 1114112K
  class space    used 8377K, committed 8640K, reserved 1048576K
}
Event: 7.317 GC heap before
{Heap before GC invocations=39 (full 0):
 garbage-first heap   total 153600K, used 124205K [0x0000000080000000, 0x0000000100000000)
  region size 1024K, 30 young (30720K), 1 survivors (1024K)
 Metaspace       used 64993K, committed 65600K, reserved 1114112K
  class space    used 8765K, committed 9024K, reserved 1048576K
}
Event: 7.319 GC heap after
{Heap after GC invocations=40 (full 0):
 garbage-first heap   total 153600K, used 95986K [0x0000000080000000, 0x0000000100000000)
  region size 1024K, 1 young (1024K), 1 survivors (1024K)
 Metaspace       used 64993K, committed 65600K, reserved 1114112K
  class space    used 8765K, committed 9024K, reserved 1048576K
}
Event: 7.590 GC heap before
{Heap before GC invocations=41 (full 0):
 garbage-first heap   total 171008K, used 126706K [0x0000000080000000, 0x0000000100000000)
  region size 1024K, 31 young (31744K), 1 survivors (1024K)
 Metaspace       used 68339K, committed 68992K, reserved 1114112K
  class space    used 9175K, committed 9472K, reserved 1048576K
}
Event: 7.593 GC heap after
{Heap after GC invocations=42 (full 0):
 garbage-first heap   total 171008K, used 97086K [0x0000000080000000, 0x0000000100000000)
  region size 1024K, 2 young (2048K), 2 survivors (2048K)
 Metaspace       used 68339K, committed 68992K, reserved 1114112K
  class space    used 9175K, committed 9472K, reserved 1048576K
}

