# JRE version: OpenJDK Runtime Environment (17.0.10) (build 17.0.10+0--11609105)
# Java VM: OpenJDK 64-Bit Server VM (17.0.10+0--11609105, mixed mode, tiered, compressed oops, compressed class ptrs, g1 gc, windows-amd64)
GC Precious Log:
 CPUs: 8 total, 8 available
 Memory: 8033M
 Large Page Support: Disabled
 NUMA Support: Disabled
 Compressed Oops: Enabled (32-bit)
 Heap Region Size: 1M
 Heap Min Capacity: 8M
 Heap Initial Capacity: 126M
 Heap Max Capacity: 2G
 Pre-touch: Disabled
 Parallel Workers: 8
 Concurrent Workers: 2
 Concurrent Refinement Workers: 8
 Periodic GC: Disabled
Heap:
 garbage-first heap   total 300032K, used 220851K [0x0000000080000000, 0x0000000100000000)
  region size 1024K, 103 young (105472K), 3 survivors (3072K)
 Metaspace       used 90383K, committed 91136K, reserved 1179648K
  class space    used 12333K, committed 12672K, reserved 1048576K
GC Heap History (20 events):
Event: 6.836 GC heap before
{Heap before GC invocations=26 (full 0):
 garbage-first heap   total 164864K, used 141459K [0x0000000080000000, 0x0000000100000000)
  region size 1024K, 55 young (56320K), 1 survivors (1024K)
 Metaspace       used 59768K, committed 60352K, reserved 1114112K
  class space    used 8155K, committed 8448K, reserved 1048576K
}
Event: 6.840 GC heap after
{Heap after GC invocations=27 (full 0):
 garbage-first heap   total 164864K, used 95105K [0x0000000080000000, 0x0000000100000000)
  region size 1024K, 7 young (7168K), 7 survivors (7168K)
 Metaspace       used 59768K, committed 60352K, reserved 1114112K
  class space    used 8155K, committed 8448K, reserved 1048576K
}
Event: 7.293 GC heap before
{Heap before GC invocations=28 (full 0):
 garbage-first heap   total 173056K, used 134017K [0x0000000080000000, 0x0000000100000000)
  region size 1024K, 44 young (45056K), 7 survivors (7168K)
 Metaspace       used 63136K, committed 63808K, reserved 1114112K
  class space    used 8552K, committed 8832K, reserved 1048576K
}
Event: 7.297 GC heap after
{Heap after GC invocations=29 (full 0):
 garbage-first heap   total 173056K, used 98198K [0x0000000080000000, 0x0000000100000000)
  region size 1024K, 2 young (2048K), 2 survivors (2048K)
 Metaspace       used 63136K, committed 63808K, reserved 1114112K
  class space    used 8552K, committed 8832K, reserved 1048576K
}
Event: 7.400 GC heap before
{Heap before GC invocations=29 (full 0):
 garbage-first heap   total 173056K, used 104342K [0x0000000080000000, 0x0000000100000000)
  region size 1024K, 8 young (8192K), 2 survivors (2048K)
 Metaspace       used 63832K, committed 64512K, reserved 1114112K
  class space    used 8633K, committed 8960K, reserved 1048576K
}
Event: 7.402 GC heap after
{Heap after GC invocations=30 (full 0):
 garbage-first heap   total 173056K, used 97989K [0x0000000080000000, 0x0000000100000000)
  region size 1024K, 1 young (1024K), 1 survivors (1024K)
 Metaspace       used 63832K, committed 64512K, reserved 1114112K
  class space    used 8633K, committed 8960K, reserved 1048576K
}
Event: 8.619 GC heap before
{Heap before GC invocations=30 (full 0):
 garbage-first heap   total 173056K, used 140997K [0x0000000080000000, 0x0000000100000000)
  region size 1024K, 43 young (44032K), 1 survivors (1024K)
 Metaspace       used 68799K, committed 69504K, reserved 1114112K
  class space    used 9255K, committed 9600K, reserved 1048576K
}
Event: 8.622 GC heap after
{Heap after GC invocations=31 (full 0):
 garbage-first heap   total 173056K, used 99236K [0x0000000080000000, 0x0000000100000000)
  region size 1024K, 2 young (2048K), 2 survivors (2048K)
 Metaspace       used 68799K, committed 69504K, reserved 1114112K
  class space    used 9255K, committed 9600K, reserved 1048576K
}
Event: 9.313 GC heap before
{Heap before GC invocations=31 (full 0):
 garbage-first heap   total 173056K, used 148388K [0x0000000080000000, 0x0000000100000000)
  region size 1024K, 45 young (46080K), 2 survivors (2048K)
 Metaspace       used 72389K, committed 73088K, reserved 1114112K
  class space    used 9716K, committed 10048K, reserved 1048576K
}
Event: 9.319 GC heap after
{Heap after GC invocations=32 (full 0):
 garbage-first heap   total 173056K, used 104954K [0x0000000080000000, 0x0000000100000000)
  region size 1024K, 6 young (6144K), 6 survivors (6144K)
 Metaspace       used 72389K, committed 73088K, reserved 1114112K
  class space    used 9716K, committed 10048K, reserved 1048576K
}
Event: 10.107 GC heap before
{Heap before GC invocations=32 (full 0):
 garbage-first heap   total 173056K, used 142842K [0x0000000080000000, 0x0000000100000000)
  region size 1024K, 43 young (44032K), 6 survivors (6144K)
 Metaspace       used 76379K, committed 77056K, reserved 1179648K
  class space    used 10226K, committed 10560K, reserved 1048576K
}
Event: 10.114 GC heap after
{Heap after GC invocations=33 (full 0):
 garbage-first heap   total 173056K, used 107521K [0x0000000080000000, 0x0000000100000000)
  region size 1024K, 3 young (3072K), 3 survivors (3072K)
 Metaspace       used 76379K, committed 77056K, reserved 1179648K
  class space    used 10226K, committed 10560K, reserved 1048576K
}
Event: 10.996 GC heap before
{Heap before GC invocations=33 (full 0):
 garbage-first heap   total 173056K, used 148481K [0x0000000080000000, 0x0000000100000000)
  region size 1024K, 39 young (39936K), 3 survivors (3072K)
 Metaspace       used 78515K, committed 79168K, reserved 1179648K
  class space    used 10529K, committed 10816K, reserved 1048576K
}
Event: 11.003 GC heap after
{Heap after GC invocations=34 (full 0):
 garbage-first heap   total 173056K, used 114792K [0x0000000080000000, 0x0000000100000000)
  region size 1024K, 5 young (5120K), 5 survivors (5120K)
 Metaspace       used 78515K, committed 79168K, reserved 1179648K
  class space    used 10529K, committed 10816K, reserved 1048576K
}
Event: 11.316 GC heap before
{Heap before GC invocations=34 (full 0):
 garbage-first heap   total 173056K, used 145512K [0x0000000080000000, 0x0000000100000000)
  region size 1024K, 35 young (35840K), 5 survivors (5120K)
 Metaspace       used 78746K, committed 79360K, reserved 1179648K
  class space    used 10539K, committed 10816K, reserved 1048576K
}
Event: 11.322 GC heap after
{Heap after GC invocations=35 (full 0):
 garbage-first heap   total 173056K, used 117222K [0x0000000080000000, 0x0000000100000000)
  region size 1024K, 3 young (3072K), 3 survivors (3072K)
 Metaspace       used 78746K, committed 79360K, reserved 1179648K
  class space    used 10539K, committed 10816K, reserved 1048576K
}
Event: 11.623 GC heap before
{Heap before GC invocations=35 (full 0):
 garbage-first heap   total 173056K, used 146918K [0x0000000080000000, 0x0000000100000000)
  region size 1024K, 32 young (32768K), 3 survivors (3072K)
 Metaspace       used 80483K, committed 81152K, reserved 1179648K
  class space    used 10766K, committed 11072K, reserved 1048576K
}
Event: 11.627 GC heap after
{Heap after GC invocations=36 (full 0):
 garbage-first heap   total 173056K, used 118491K [0x0000000080000000, 0x0000000100000000)
  region size 1024K, 2 young (2048K), 2 survivors (2048K)
 Metaspace       used 80483K, committed 81152K, reserved 1179648K
  class space    used 10766K, committed 11072K, reserved 1048576K
}
Event: 11.942 GC heap before
{Heap before GC invocations=36 (full 0):
 garbage-first heap   total 173056K, used 147163K [0x0000000080000000, 0x0000000100000000)
  region size 1024K, 30 young (30720K), 2 survivors (2048K)
 Metaspace       used 82620K, committed 83328K, reserved 1179648K
  class space    used 11061K, committed 11392K, reserved 1048576K
}
Event: 11.946 GC heap after
{Heap after GC invocations=37 (full 0):
 garbage-first heap   total 300032K, used 119475K [0x0000000080000000, 0x0000000100000000)
  region size 1024K, 3 young (3072K), 3 survivors (3072K)
 Metaspace       used 82620K, committed 83328K, reserved 1179648K
  class space    used 11061K, committed 11392K, reserved 1048576K
}

