# JRE version: OpenJDK Runtime Environment (17.0.10) (build 17.0.10+0--11609105)
# Java VM: OpenJDK 64-Bit Server VM (17.0.10+0--11609105, mixed mode, tiered, compressed oops, compressed class ptrs, g1 gc, windows-amd64)
GC Precious Log:
 CPUs: 8 total, 8 available
 Memory: 8033M
 Large Page Support: Disabled
 NUMA Support: Disabled
 Compressed Oops: Enabled (32-bit)
 Heap Region Size: 1M
 Heap Min Capacity: 8M
 Heap Initial Capacity: 126M
 Heap Max Capacity: 2G
 Pre-touch: Disabled
 Parallel Workers: 8
 Concurrent Workers: 2
 Concurrent Refinement Workers: 8
 Periodic GC: Disabled
Heap:
 garbage-first heap   total 198656K, used 128421K [0x0000000080000000, 0x0000000100000000)
  region size 1024K, 25 young (25600K), 4 survivors (4096K)
 Metaspace       used 76178K, committed 76864K, reserved 1179648K
  class space    used 10282K, committed 10624K, reserved 1048576K
GC Heap History (20 events):
Event: 4.976 GC heap before
{Heap before GC invocations=16 (full 0):
 garbage-first heap   total 114688K, used 69161K [0x0000000080000000, 0x0000000100000000)
  region size 1024K, 11 young (11264K), 5 survivors (5120K)
 Metaspace       used 51084K, committed 51584K, reserved 1114112K
  class space    used 6907K, committed 7104K, reserved 1048576K
}
Event: 4.978 GC heap after
{Heap after GC invocations=17 (full 0):
 garbage-first heap   total 114688K, used 66904K [0x0000000080000000, 0x0000000100000000)
  region size 1024K, 2 young (2048K), 2 survivors (2048K)
 Metaspace       used 51084K, committed 51584K, reserved 1114112K
  class space    used 6907K, committed 7104K, reserved 1048576K
}
Event: 5.186 GC heap before
{Heap before GC invocations=18 (full 0):
 garbage-first heap   total 119808K, used 85336K [0x0000000080000000, 0x0000000100000000)
  region size 1024K, 18 young (18432K), 2 survivors (2048K)
 Metaspace       used 52895K, committed 53376K, reserved 1114112K
  class space    used 7067K, committed 7296K, reserved 1048576K
}
Event: 5.188 GC heap after
{Heap after GC invocations=19 (full 0):
 garbage-first heap   total 119808K, used 67440K [0x0000000080000000, 0x0000000100000000)
  region size 1024K, 3 young (3072K), 3 survivors (3072K)
 Metaspace       used 52895K, committed 53376K, reserved 1114112K
  class space    used 7067K, committed 7296K, reserved 1048576K
}
Event: 5.390 GC heap before
{Heap before GC invocations=19 (full 0):
 garbage-first heap   total 119808K, used 87920K [0x0000000080000000, 0x0000000100000000)
  region size 1024K, 23 young (23552K), 3 survivors (3072K)
 Metaspace       used 54155K, committed 54656K, reserved 1114112K
  class space    used 7291K, committed 7488K, reserved 1048576K
}
Event: 5.393 GC heap after
{Heap after GC invocations=20 (full 0):
 garbage-first heap   total 119808K, used 69206K [0x0000000080000000, 0x0000000100000000)
  region size 1024K, 2 young (2048K), 2 survivors (2048K)
 Metaspace       used 54155K, committed 54656K, reserved 1114112K
  class space    used 7291K, committed 7488K, reserved 1048576K
}
Event: 5.683 GC heap before
{Heap before GC invocations=21 (full 0):
 garbage-first heap   total 121856K, used 90710K [0x0000000080000000, 0x0000000100000000)
  region size 1024K, 23 young (23552K), 2 survivors (2048K)
 Metaspace       used 56173K, committed 56704K, reserved 1114112K
  class space    used 7668K, committed 7872K, reserved 1048576K
}
Event: 5.686 GC heap after
{Heap after GC invocations=22 (full 0):
 garbage-first heap   total 121856K, used 70698K [0x0000000080000000, 0x0000000100000000)
  region size 1024K, 2 young (2048K), 2 survivors (2048K)
 Metaspace       used 56173K, committed 56704K, reserved 1114112K
  class space    used 7668K, committed 7872K, reserved 1048576K
}
Event: 6.025 GC heap before
{Heap before GC invocations=22 (full 0):
 garbage-first heap   total 121856K, used 93226K [0x0000000080000000, 0x0000000100000000)
  region size 1024K, 24 young (24576K), 2 survivors (2048K)
 Metaspace       used 58177K, committed 58816K, reserved 1114112K
  class space    used 7956K, committed 8256K, reserved 1048576K
}
Event: 6.028 GC heap after
{Heap after GC invocations=23 (full 0):
 garbage-first heap   total 187392K, used 72891K [0x0000000080000000, 0x0000000100000000)
  region size 1024K, 3 young (3072K), 3 survivors (3072K)
 Metaspace       used 58177K, committed 58816K, reserved 1114112K
  class space    used 7956K, committed 8256K, reserved 1048576K
}
Event: 6.589 GC heap before
{Heap before GC invocations=24 (full 0):
 garbage-first heap   total 187392K, used 131259K [0x0000000080000000, 0x0000000100000000)
  region size 1024K, 61 young (62464K), 3 survivors (3072K)
 Metaspace       used 61532K, committed 62144K, reserved 1114112K
  class space    used 8479K, committed 8768K, reserved 1048576K
}
Event: 6.595 GC heap after
{Heap after GC invocations=25 (full 0):
 garbage-first heap   total 187392K, used 77239K [0x0000000080000000, 0x0000000100000000)
  region size 1024K, 8 young (8192K), 8 survivors (8192K)
 Metaspace       used 61532K, committed 62144K, reserved 1114112K
  class space    used 8479K, committed 8768K, reserved 1048576K
}
Event: 7.050 GC heap before
{Heap before GC invocations=25 (full 0):
 garbage-first heap   total 187392K, used 145847K [0x0000000080000000, 0x0000000100000000)
  region size 1024K, 64 young (65536K), 8 survivors (8192K)
 Metaspace       used 65125K, committed 65664K, reserved 1114112K
  class space    used 8898K, committed 9152K, reserved 1048576K
}
Event: 7.056 GC heap after
{Heap after GC invocations=26 (full 0):
 garbage-first heap   total 187392K, used 97284K [0x0000000080000000, 0x0000000100000000)
  region size 1024K, 8 young (8192K), 8 survivors (8192K)
 Metaspace       used 65125K, committed 65664K, reserved 1114112K
  class space    used 8898K, committed 9152K, reserved 1048576K
}
Event: 7.059 GC heap before
{Heap before GC invocations=26 (full 0):
 garbage-first heap   total 187392K, used 97284K [0x0000000080000000, 0x0000000100000000)
  region size 1024K, 9 young (9216K), 8 survivors (8192K)
 Metaspace       used 65152K, committed 65728K, reserved 1114112K
  class space    used 8901K, committed 9152K, reserved 1048576K
}
Event: 7.062 GC heap after
{Heap after GC invocations=27 (full 0):
 garbage-first heap   total 187392K, used 98511K [0x0000000080000000, 0x0000000100000000)
  region size 1024K, 1 young (1024K), 1 survivors (1024K)
 Metaspace       used 65152K, committed 65728K, reserved 1114112K
  class space    used 8901K, committed 9152K, reserved 1048576K
}
Event: 7.435 GC heap before
{Heap before GC invocations=28 (full 0):
 garbage-first heap   total 187392K, used 146639K [0x0000000080000000, 0x0000000100000000)
  region size 1024K, 47 young (48128K), 1 survivors (1024K)
 Metaspace       used 70101K, committed 70720K, reserved 1114112K
  class space    used 9495K, committed 9792K, reserved 1048576K
}
Event: 7.437 GC heap after
{Heap after GC invocations=29 (full 0):
 garbage-first heap   total 187392K, used 100190K [0x0000000080000000, 0x0000000100000000)
  region size 1024K, 2 young (2048K), 2 survivors (2048K)
 Metaspace       used 70101K, committed 70720K, reserved 1114112K
  class space    used 9495K, committed 9792K, reserved 1048576K
}
Event: 7.855 GC heap before
{Heap before GC invocations=29 (full 0):
 garbage-first heap   total 187392K, used 143198K [0x0000000080000000, 0x0000000100000000)
  region size 1024K, 45 young (46080K), 2 survivors (2048K)
 Metaspace       used 75398K, committed 76096K, reserved 1179648K
  class space    used 10158K, committed 10496K, reserved 1048576K
}
Event: 7.859 GC heap after
{Heap after GC invocations=30 (full 0):
 garbage-first heap   total 187392K, used 102821K [0x0000000080000000, 0x0000000100000000)
  region size 1024K, 4 young (4096K), 4 survivors (4096K)
 Metaspace       used 75398K, committed 76096K, reserved 1179648K
  class space    used 10158K, committed 10496K, reserved 1048576K
}

