# JRE version: OpenJDK Runtime Environment (17.0.10) (build 17.0.10+0--11609105)
# Java VM: OpenJDK 64-Bit Server VM (17.0.10+0--11609105, mixed mode, tiered, compressed oops, compressed class ptrs, g1 gc, windows-amd64)
GC Precious Log:
 CPUs: 8 total, 8 available
 Memory: 8033M
 Large Page Support: Disabled
 NUMA Support: Disabled
 Compressed Oops: Enabled (32-bit)
 Heap Region Size: 1M
 Heap Min Capacity: 8M
 Heap Initial Capacity: 126M
 Heap Max Capacity: 2G
 Pre-touch: Disabled
 Parallel Workers: 8
 Concurrent Workers: 2
 Concurrent Refinement Workers: 8
 Periodic GC: Disabled
Heap:
 garbage-first heap   total 155648K, used 110908K [0x0000000080000000, 0x0000000100000000)
  region size 1024K, 16 young (16384K), 1 survivors (1024K)
 Metaspace       used 62612K, committed 63232K, reserved 1114112K
  class space    used 8505K, committed 8768K, reserved 1048576K
GC Heap History (20 events):
Event: 4.731 GC heap before
{Heap before GC invocations=22 (full 0):
 garbage-first heap   total 117760K, used 70402K [0x0000000080000000, 0x0000000100000000)
  region size 1024K, 10 young (10240K), 4 survivors (4096K)
 Metaspace       used 51081K, committed 51520K, reserved 1114112K
  class space    used 6897K, committed 7104K, reserved 1048576K
}
Event: 4.733 GC heap after
{Heap after GC invocations=23 (full 0):
 garbage-first heap   total 117760K, used 67546K [0x0000000080000000, 0x0000000100000000)
  region size 1024K, 2 young (2048K), 2 survivors (2048K)
 Metaspace       used 51081K, committed 51520K, reserved 1114112K
  class space    used 6897K, committed 7104K, reserved 1048576K
}
Event: 4.944 GC heap before
{Heap before GC invocations=24 (full 0):
 garbage-first heap   total 119808K, used 87002K [0x0000000080000000, 0x0000000100000000)
  region size 1024K, 19 young (19456K), 2 survivors (2048K)
 Metaspace       used 52887K, committed 53376K, reserved 1114112K
  class space    used 7056K, committed 7296K, reserved 1048576K
}
Event: 4.946 GC heap after
{Heap after GC invocations=25 (full 0):
 garbage-first heap   total 119808K, used 68406K [0x0000000080000000, 0x0000000100000000)
  region size 1024K, 3 young (3072K), 3 survivors (3072K)
 Metaspace       used 52887K, committed 53376K, reserved 1114112K
  class space    used 7056K, committed 7296K, reserved 1048576K
}
Event: 5.148 GC heap before
{Heap before GC invocations=25 (full 0):
 garbage-first heap   total 119808K, used 87862K [0x0000000080000000, 0x0000000100000000)
  region size 1024K, 22 young (22528K), 3 survivors (3072K)
 Metaspace       used 54118K, committed 54656K, reserved 1114112K
  class space    used 7275K, committed 7488K, reserved 1048576K
}
Event: 5.152 GC heap after
{Heap after GC invocations=26 (full 0):
 garbage-first heap   total 119808K, used 69882K [0x0000000080000000, 0x0000000100000000)
  region size 1024K, 2 young (2048K), 2 survivors (2048K)
 Metaspace       used 54118K, committed 54656K, reserved 1114112K
  class space    used 7275K, committed 7488K, reserved 1048576K
}
Event: 5.415 GC heap before
{Heap before GC invocations=27 (full 0):
 garbage-first heap   total 122880K, used 89338K [0x0000000080000000, 0x0000000100000000)
  region size 1024K, 21 young (21504K), 2 survivors (2048K)
 Metaspace       used 55935K, committed 56448K, reserved 1114112K
  class space    used 7603K, committed 7808K, reserved 1048576K
}
Event: 5.418 GC heap after
{Heap after GC invocations=28 (full 0):
 garbage-first heap   total 122880K, used 71210K [0x0000000080000000, 0x0000000100000000)
  region size 1024K, 2 young (2048K), 2 survivors (2048K)
 Metaspace       used 55935K, committed 56448K, reserved 1114112K
  class space    used 7603K, committed 7808K, reserved 1048576K
}
Event: 5.675 GC heap before
{Heap before GC invocations=28 (full 0):
 garbage-first heap   total 122880K, used 93738K [0x0000000080000000, 0x0000000100000000)
  region size 1024K, 24 young (24576K), 2 survivors (2048K)
 Metaspace       used 58072K, committed 58688K, reserved 1114112K
  class space    used 7935K, committed 8192K, reserved 1048576K
}
Event: 5.679 GC heap after
{Heap after GC invocations=29 (full 0):
 garbage-first heap   total 147456K, used 73094K [0x0000000080000000, 0x0000000100000000)
  region size 1024K, 3 young (3072K), 3 survivors (3072K)
 Metaspace       used 58072K, committed 58688K, reserved 1114112K
  class space    used 7935K, committed 8192K, reserved 1048576K
}
Event: 6.023 GC heap before
{Heap before GC invocations=30 (full 0):
 garbage-first heap   total 147456K, used 108934K [0x0000000080000000, 0x0000000100000000)
  region size 1024K, 39 young (39936K), 3 survivors (3072K)
 Metaspace       used 58702K, committed 59328K, reserved 1114112K
  class space    used 7985K, committed 8256K, reserved 1048576K
}
Event: 6.028 GC heap after
{Heap after GC invocations=31 (full 0):
 garbage-first heap   total 147456K, used 76466K [0x0000000080000000, 0x0000000100000000)
  region size 1024K, 5 young (5120K), 5 survivors (5120K)
 Metaspace       used 58702K, committed 59328K, reserved 1114112K
  class space    used 7985K, committed 8256K, reserved 1048576K
}
Event: 6.051 GC heap before
{Heap before GC invocations=31 (full 0):
 garbage-first heap   total 147456K, used 81586K [0x0000000080000000, 0x0000000100000000)
  region size 1024K, 7 young (7168K), 5 survivors (5120K)
 Metaspace       used 58765K, committed 59328K, reserved 1114112K
  class space    used 7994K, committed 8256K, reserved 1048576K
}
Event: 6.055 GC heap after
{Heap after GC invocations=32 (full 0):
 garbage-first heap   total 147456K, used 80589K [0x0000000080000000, 0x0000000100000000)
  region size 1024K, 1 young (1024K), 1 survivors (1024K)
 Metaspace       used 58765K, committed 59328K, reserved 1114112K
  class space    used 7994K, committed 8256K, reserved 1048576K
}
Event: 6.057 GC heap before
{Heap before GC invocations=32 (full 0):
 garbage-first heap   total 147456K, used 80589K [0x0000000080000000, 0x0000000100000000)
  region size 1024K, 2 young (2048K), 1 survivors (1024K)
 Metaspace       used 58771K, committed 59392K, reserved 1114112K
  class space    used 7996K, committed 8256K, reserved 1048576K
}
Event: 6.058 GC heap after
{Heap after GC invocations=33 (full 0):
 garbage-first heap   total 147456K, used 80420K [0x0000000080000000, 0x0000000100000000)
  region size 1024K, 1 young (1024K), 1 survivors (1024K)
 Metaspace       used 58771K, committed 59392K, reserved 1114112K
  class space    used 7996K, committed 8256K, reserved 1048576K
}
Event: 6.296 GC heap before
{Heap before GC invocations=34 (full 0):
 garbage-first heap   total 155648K, used 126500K [0x0000000080000000, 0x0000000100000000)
  region size 1024K, 37 young (37888K), 1 survivors (1024K)
 Metaspace       used 61069K, committed 61696K, reserved 1114112K
  class space    used 8297K, committed 8576K, reserved 1048576K
}
Event: 6.298 GC heap after
{Heap after GC invocations=35 (full 0):
 garbage-first heap   total 155648K, used 96764K [0x0000000080000000, 0x0000000100000000)
  region size 1024K, 5 young (5120K), 5 survivors (5120K)
 Metaspace       used 61069K, committed 61696K, reserved 1114112K
  class space    used 8297K, committed 8576K, reserved 1048576K
}
Event: 6.314 GC heap before
{Heap before GC invocations=35 (full 0):
 garbage-first heap   total 155648K, used 97788K [0x0000000080000000, 0x0000000100000000)
  region size 1024K, 7 young (7168K), 5 survivors (5120K)
 Metaspace       used 61245K, committed 61952K, reserved 1114112K
  class space    used 8329K, committed 8640K, reserved 1048576K
}
Event: 6.317 GC heap after
{Heap after GC invocations=36 (full 0):
 garbage-first heap   total 155648K, used 96572K [0x0000000080000000, 0x0000000100000000)
  region size 1024K, 1 young (1024K), 1 survivors (1024K)
 Metaspace       used 61245K, committed 61952K, reserved 1114112K
  class space    used 8329K, committed 8640K, reserved 1048576K
}

