# JRE version: OpenJDK Runtime Environment (17.0.10) (build 17.0.10+0--11609105)
# Java VM: OpenJDK 64-Bit Server VM (17.0.10+0--11609105, mixed mode, tiered, compressed oops, compressed class ptrs, g1 gc, windows-amd64)
GC Precious Log:
 CPUs: 8 total, 8 available
 Memory: 8033M
 Large Page Support: Disabled
 NUMA Support: Disabled
 Compressed Oops: Enabled (32-bit)
 Heap Region Size: 1M
 Heap Min Capacity: 8M
 Heap Initial Capacity: 126M
 Heap Max Capacity: 2G
 Pre-touch: Disabled
 Parallel Workers: 8
 Concurrent Workers: 2
 Concurrent Refinement Workers: 8
 Periodic GC: Disabled
Heap:
 garbage-first heap   total 168960K, used 108563K [0x0000000080000000, 0x0000000100000000)
  region size 1024K, 15 young (15360K), 2 survivors (2048K)
 Metaspace       used 64342K, committed 65024K, reserved 1114112K
  class space    used 8692K, committed 9024K, reserved 1048576K
GC Heap History (20 events):
Event: 4.610 GC heap before
{Heap before GC invocations=16 (full 0):
 garbage-first heap   total 114688K, used 69614K [0x0000000080000000, 0x0000000100000000)
  region size 1024K, 10 young (10240K), 4 survivors (4096K)
 Metaspace       used 51058K, committed 51520K, reserved 1114112K
  class space    used 6901K, committed 7104K, reserved 1048576K
}
Event: 4.612 GC heap after
{Heap after GC invocations=17 (full 0):
 garbage-first heap   total 114688K, used 67105K [0x0000000080000000, 0x0000000100000000)
  region size 1024K, 2 young (2048K), 2 survivors (2048K)
 Metaspace       used 51058K, committed 51520K, reserved 1114112K
  class space    used 6901K, committed 7104K, reserved 1048576K
}
Event: 4.821 GC heap before
{Heap before GC invocations=18 (full 0):
 garbage-first heap   total 117760K, used 85537K [0x0000000080000000, 0x0000000100000000)
  region size 1024K, 18 young (18432K), 2 survivors (2048K)
 Metaspace       used 52852K, committed 53376K, reserved 1114112K
  class space    used 7060K, committed 7296K, reserved 1048576K
}
Event: 4.824 GC heap after
{Heap after GC invocations=19 (full 0):
 garbage-first heap   total 117760K, used 67881K [0x0000000080000000, 0x0000000100000000)
  region size 1024K, 3 young (3072K), 3 survivors (3072K)
 Metaspace       used 52852K, committed 53376K, reserved 1114112K
  class space    used 7060K, committed 7296K, reserved 1048576K
}
Event: 5.002 GC heap before
{Heap before GC invocations=19 (full 0):
 garbage-first heap   total 117760K, used 86313K [0x0000000080000000, 0x0000000100000000)
  region size 1024K, 21 young (21504K), 3 survivors (3072K)
 Metaspace       used 53966K, committed 54528K, reserved 1114112K
  class space    used 7255K, committed 7488K, reserved 1048576K
}
Event: 5.005 GC heap after
{Heap after GC invocations=20 (full 0):
 garbage-first heap   total 117760K, used 69417K [0x0000000080000000, 0x0000000100000000)
  region size 1024K, 2 young (2048K), 2 survivors (2048K)
 Metaspace       used 53966K, committed 54528K, reserved 1114112K
  class space    used 7255K, committed 7488K, reserved 1048576K
}
Event: 5.249 GC heap before
{Heap before GC invocations=21 (full 0):
 garbage-first heap   total 122880K, used 88873K [0x0000000080000000, 0x0000000100000000)
  region size 1024K, 21 young (21504K), 2 survivors (2048K)
 Metaspace       used 55680K, committed 56256K, reserved 1114112K
  class space    used 7573K, committed 7808K, reserved 1048576K
}
Event: 5.252 GC heap after
{Heap after GC invocations=22 (full 0):
 garbage-first heap   total 122880K, used 70805K [0x0000000080000000, 0x0000000100000000)
  region size 1024K, 3 young (3072K), 3 survivors (3072K)
 Metaspace       used 55680K, committed 56256K, reserved 1114112K
  class space    used 7573K, committed 7808K, reserved 1048576K
}
Event: 5.560 GC heap before
{Heap before GC invocations=22 (full 0):
 garbage-first heap   total 122880K, used 94357K [0x0000000080000000, 0x0000000100000000)
  region size 1024K, 26 young (26624K), 3 survivors (3072K)
 Metaspace       used 58018K, committed 58624K, reserved 1114112K
  class space    used 7945K, committed 8256K, reserved 1048576K
}
Event: 5.565 GC heap after
{Heap after GC invocations=23 (full 0):
 garbage-first heap   total 122880K, used 72722K [0x0000000080000000, 0x0000000100000000)
  region size 1024K, 4 young (4096K), 4 survivors (4096K)
 Metaspace       used 58018K, committed 58624K, reserved 1114112K
  class space    used 7945K, committed 8256K, reserved 1048576K
}
Event: 5.861 GC heap before
{Heap before GC invocations=24 (full 0):
 garbage-first heap   total 126976K, used 95250K [0x0000000080000000, 0x0000000100000000)
  region size 1024K, 27 young (27648K), 4 survivors (4096K)
 Metaspace       used 58537K, committed 59136K, reserved 1114112K
  class space    used 7980K, committed 8256K, reserved 1048576K
}
Event: 5.865 GC heap after
{Heap after GC invocations=25 (full 0):
 garbage-first heap   total 126976K, used 75011K [0x0000000080000000, 0x0000000100000000)
  region size 1024K, 4 young (4096K), 4 survivors (4096K)
 Metaspace       used 58537K, committed 59136K, reserved 1114112K
  class space    used 7980K, committed 8256K, reserved 1048576K
}
Event: 5.960 GC heap before
{Heap before GC invocations=25 (full 0):
 garbage-first heap   total 126976K, used 89347K [0x0000000080000000, 0x0000000100000000)
  region size 1024K, 20 young (20480K), 4 survivors (4096K)
 Metaspace       used 58695K, committed 59392K, reserved 1114112K
  class space    used 7990K, committed 8320K, reserved 1048576K
}
Event: 5.963 GC heap after
{Heap after GC invocations=26 (full 0):
 garbage-first heap   total 152576K, used 76090K [0x0000000080000000, 0x0000000100000000)
  region size 1024K, 2 young (2048K), 2 survivors (2048K)
 Metaspace       used 58695K, committed 59392K, reserved 1114112K
  class space    used 7990K, committed 8320K, reserved 1048576K
}
Event: 6.020 GC heap before
{Heap before GC invocations=27 (full 0):
 garbage-first heap   total 152576K, used 90426K [0x0000000080000000, 0x0000000100000000)
  region size 1024K, 9 young (9216K), 2 survivors (2048K)
 Metaspace       used 58736K, committed 59392K, reserved 1114112K
  class space    used 7996K, committed 8320K, reserved 1048576K
}
Event: 6.023 GC heap after
{Heap after GC invocations=28 (full 0):
 garbage-first heap   total 152576K, used 89451K [0x0000000080000000, 0x0000000100000000)
  region size 1024K, 6 young (6144K), 6 survivors (6144K)
 Metaspace       used 58736K, committed 59392K, reserved 1114112K
  class space    used 7996K, committed 8320K, reserved 1048576K
}
Event: 6.166 GC heap before
{Heap before GC invocations=29 (full 0):
 garbage-first heap   total 167936K, used 111979K [0x0000000080000000, 0x0000000100000000)
  region size 1024K, 27 young (27648K), 6 survivors (6144K)
 Metaspace       used 60125K, committed 60736K, reserved 1114112K
  class space    used 8172K, committed 8448K, reserved 1048576K
}
Event: 6.168 GC heap after
{Heap after GC invocations=30 (full 0):
 garbage-first heap   total 167936K, used 94177K [0x0000000080000000, 0x0000000100000000)
  region size 1024K, 3 young (3072K), 3 survivors (3072K)
 Metaspace       used 60125K, committed 60736K, reserved 1114112K
  class space    used 8172K, committed 8448K, reserved 1048576K
}
Event: 6.406 GC heap before
{Heap before GC invocations=31 (full 0):
 garbage-first heap   total 168960K, used 123873K [0x0000000080000000, 0x0000000100000000)
  region size 1024K, 32 young (32768K), 3 survivors (3072K)
 Metaspace       used 62726K, committed 63424K, reserved 1114112K
  class space    used 8519K, committed 8832K, reserved 1048576K
}
Event: 6.409 GC heap after
{Heap after GC invocations=32 (full 0):
 garbage-first heap   total 168960K, used 96275K [0x0000000080000000, 0x0000000100000000)
  region size 1024K, 2 young (2048K), 2 survivors (2048K)
 Metaspace       used 62726K, committed 63424K, reserved 1114112K
  class space    used 8519K, committed 8832K, reserved 1048576K
}

