# JRE version: OpenJDK Runtime Environment (17.0.10) (build 17.0.10+0--11609105)
# Java VM: OpenJDK 64-Bit Server VM (17.0.10+0--11609105, mixed mode, tiered, compressed oops, compressed class ptrs, g1 gc, windows-amd64)
GC Precious Log:
 CPUs: 8 total, 8 available
 Memory: 8033M
 Large Page Support: Disabled
 NUMA Support: Disabled
 Compressed Oops: Enabled (32-bit)
 Heap Region Size: 1M
 Heap Min Capacity: 8M
 Heap Initial Capacity: 126M
 Heap Max Capacity: 2G
 Pre-touch: Disabled
 Parallel Workers: 8
 Concurrent Workers: 2
 Concurrent Refinement Workers: 8
 Periodic GC: Disabled
Heap:
 garbage-first heap   total 181248K, used 119382K [0x0000000080000000, 0x0000000100000000)
  region size 1024K, 14 young (14336K), 3 survivors (3072K)
 Metaspace       used 83614K, committed 84288K, reserved 1179648K
  class space    used 11222K, committed 11520K, reserved 1048576K
GC Heap History (20 events):
Event: 6.745 GC heap before
{Heap before GC invocations=31 (full 0):
 garbage-first heap   total 130048K, used 102531K [0x0000000080000000, 0x0000000100000000)
  region size 1024K, 31 young (31744K), 3 survivors (3072K)
 Metaspace       used 66485K, committed 67072K, reserved 1114112K
  class space    used 9096K, committed 9344K, reserved 1048576K
}
Event: 6.749 GC heap after
{Heap after GC invocations=32 (full 0):
 garbage-first heap   total 156672K, used 76556K [0x0000000080000000, 0x0000000100000000)
  region size 1024K, 4 young (4096K), 4 survivors (4096K)
 Metaspace       used 66485K, committed 67072K, reserved 1114112K
  class space    used 9096K, committed 9344K, reserved 1048576K
}
Event: 11.178 GC heap before
{Heap before GC invocations=33 (full 0):
 garbage-first heap   total 156672K, used 119564K [0x0000000080000000, 0x0000000100000000)
  region size 1024K, 47 young (48128K), 4 survivors (4096K)
 Metaspace       used 72359K, committed 73024K, reserved 1114112K
  class space    used 9805K, committed 10112K, reserved 1048576K
}
Event: 11.185 GC heap after
{Heap after GC invocations=34 (full 0):
 garbage-first heap   total 156672K, used 81095K [0x0000000080000000, 0x0000000100000000)
  region size 1024K, 6 young (6144K), 6 survivors (6144K)
 Metaspace       used 72359K, committed 73024K, reserved 1114112K
  class space    used 9805K, committed 10112K, reserved 1048576K
}
Event: 12.455 GC heap before
{Heap before GC invocations=34 (full 0):
 garbage-first heap   total 156672K, used 105671K [0x0000000080000000, 0x0000000100000000)
  region size 1024K, 31 young (31744K), 6 survivors (6144K)
 Metaspace       used 73141K, committed 73728K, reserved 1114112K
  class space    used 9906K, committed 10176K, reserved 1048576K
}
Event: 12.460 GC heap after
{Heap after GC invocations=35 (full 0):
 garbage-first heap   total 156672K, used 82451K [0x0000000080000000, 0x0000000100000000)
  region size 1024K, 2 young (2048K), 2 survivors (2048K)
 Metaspace       used 73141K, committed 73728K, reserved 1114112K
  class space    used 9906K, committed 10176K, reserved 1048576K
}
Event: 12.543 GC heap before
{Heap before GC invocations=36 (full 0):
 garbage-first heap   total 156672K, used 90643K [0x0000000080000000, 0x0000000100000000)
  region size 1024K, 7 young (7168K), 2 survivors (2048K)
 Metaspace       used 73143K, committed 73728K, reserved 1114112K
  class space    used 9904K, committed 10176K, reserved 1048576K
}
Event: 12.545 GC heap after
{Heap after GC invocations=37 (full 0):
 garbage-first heap   total 156672K, used 89151K [0x0000000080000000, 0x0000000100000000)
  region size 1024K, 4 young (4096K), 4 survivors (4096K)
 Metaspace       used 73143K, committed 73728K, reserved 1114112K
  class space    used 9904K, committed 10176K, reserved 1048576K
}
Event: 12.912 GC heap before
{Heap before GC invocations=38 (full 0):
 garbage-first heap   total 165888K, used 120895K [0x0000000080000000, 0x0000000100000000)
  region size 1024K, 28 young (28672K), 4 survivors (4096K)
 Metaspace       used 74671K, committed 75328K, reserved 1114112K
  class space    used 10106K, committed 10368K, reserved 1048576K
}
Event: 12.915 GC heap after
{Heap after GC invocations=39 (full 0):
 garbage-first heap   total 165888K, used 100616K [0x0000000080000000, 0x0000000100000000)
  region size 1024K, 4 young (4096K), 4 survivors (4096K)
 Metaspace       used 74671K, committed 75328K, reserved 1114112K
  class space    used 10106K, committed 10368K, reserved 1048576K
}
Event: 12.955 GC heap before
{Heap before GC invocations=39 (full 0):
 garbage-first heap   total 165888K, used 105736K [0x0000000080000000, 0x0000000100000000)
  region size 1024K, 8 young (8192K), 4 survivors (4096K)
 Metaspace       used 74980K, committed 75648K, reserved 1114112K
  class space    used 10159K, committed 10432K, reserved 1048576K
}
Event: 12.957 GC heap after
{Heap after GC invocations=40 (full 0):
 garbage-first heap   total 165888K, used 102057K [0x0000000080000000, 0x0000000100000000)
  region size 1024K, 1 young (1024K), 1 survivors (1024K)
 Metaspace       used 74980K, committed 75648K, reserved 1114112K
  class space    used 10159K, committed 10432K, reserved 1048576K
}
Event: 13.158 GC heap before
{Heap before GC invocations=40 (full 0):
 garbage-first heap   total 165888K, used 125609K [0x0000000080000000, 0x0000000100000000)
  region size 1024K, 24 young (24576K), 1 survivors (1024K)
 Metaspace       used 77122K, committed 77760K, reserved 1179648K
  class space    used 10439K, committed 10752K, reserved 1048576K
}
Event: 13.160 GC heap after
{Heap after GC invocations=41 (full 0):
 garbage-first heap   total 165888K, used 102665K [0x0000000080000000, 0x0000000100000000)
  region size 1024K, 1 young (1024K), 1 survivors (1024K)
 Metaspace       used 77122K, committed 77760K, reserved 1179648K
  class space    used 10439K, committed 10752K, reserved 1048576K
}
Event: 13.377 GC heap before
{Heap before GC invocations=42 (full 0):
 garbage-first heap   total 181248K, used 127241K [0x0000000080000000, 0x0000000100000000)
  region size 1024K, 26 young (26624K), 1 survivors (1024K)
 Metaspace       used 80194K, committed 80832K, reserved 1179648K
  class space    used 10748K, committed 11072K, reserved 1048576K
}
Event: 13.379 GC heap after
{Heap after GC invocations=43 (full 0):
 garbage-first heap   total 181248K, used 103118K [0x0000000080000000, 0x0000000100000000)
  region size 1024K, 2 young (2048K), 2 survivors (2048K)
 Metaspace       used 80194K, committed 80832K, reserved 1179648K
  class space    used 10748K, committed 11072K, reserved 1048576K
}
Event: 13.422 GC heap before
{Heap before GC invocations=43 (full 0):
 garbage-first heap   total 181248K, used 108238K [0x0000000080000000, 0x0000000100000000)
  region size 1024K, 8 young (8192K), 2 survivors (2048K)
 Metaspace       used 80926K, committed 81600K, reserved 1179648K
  class space    used 10816K, committed 11136K, reserved 1048576K
}
Event: 13.425 GC heap after
{Heap after GC invocations=44 (full 0):
 garbage-first heap   total 181248K, used 102905K [0x0000000080000000, 0x0000000100000000)
  region size 1024K, 1 young (1024K), 1 survivors (1024K)
 Metaspace       used 80926K, committed 81600K, reserved 1179648K
  class space    used 10816K, committed 11136K, reserved 1048576K
}
Event: 13.787 GC heap before
{Heap before GC invocations=44 (full 0):
 garbage-first heap   total 181248K, used 131577K [0x0000000080000000, 0x0000000100000000)
  region size 1024K, 30 young (30720K), 1 survivors (1024K)
 Metaspace       used 83609K, committed 84288K, reserved 1179648K
  class space    used 11222K, committed 11520K, reserved 1048576K
}
Event: 13.791 GC heap after
{Heap after GC invocations=45 (full 0):
 garbage-first heap   total 181248K, used 105046K [0x0000000080000000, 0x0000000100000000)
  region size 1024K, 3 young (3072K), 3 survivors (3072K)
 Metaspace       used 83609K, committed 84288K, reserved 1179648K
  class space    used 11222K, committed 11520K, reserved 1048576K
}

